{"D:\\GitHub\\legal-affairs-electron\\src\\index.js": {"path":"D:\\GitHub\\legal-affairs-electron\\src\\index.js","statementMap":{"0":{"start":{"line":2,"column":16},"end":{"line":2,"column":34}},"1":{"start":{"line":3,"column":19},"end":{"line":3,"column":39}},"2":{"start":{"line":4,"column":28},"end":{"line":4,"column":68}},"3":{"start":{"line":5,"column":19},"end":{"line":5,"column":41}},"4":{"start":{"line":6,"column":17},"end":{"line":6,"column":36}},"5":{"start":{"line":7,"column":25},"end":{"line":7,"column":53}},"6":{"start":{"line":8,"column":13},"end":{"line":8,"column":28}},"7":{"start":{"line":9,"column":11},"end":{"line":9,"column":24}},"8":{"start":{"line":10,"column":19},"end":{"line":10,"column":45}},"9":{"start":{"line":12,"column":13},"end":{"line":12,"column":28}},"10":{"start":{"line":13,"column":0},"end":{"line":13,"column":27}},"11":{"start":{"line":14,"column":14},"end":{"line":14,"column":38}},"12":{"start":{"line":17,"column":4},"end":{"line":17,"column":25}},"13":{"start":{"line":18,"column":4},"end":{"line":18,"column":26}},"14":{"start":{"line":19,"column":4},"end":{"line":19,"column":21}},"15":{"start":{"line":20,"column":4},"end":{"line":20,"column":31}},"16":{"start":{"line":21,"column":4},"end":{"line":21,"column":23}},"17":{"start":{"line":22,"column":4},"end":{"line":22,"column":26}},"18":{"start":{"line":23,"column":4},"end":{"line":23,"column":45}},"19":{"start":{"line":26,"column":4},"end":{"line":26,"column":61}},"20":{"start":{"line":27,"column":4},"end":{"line":27,"column":36}},"21":{"start":{"line":29,"column":4},"end":{"line":29,"column":40}},"22":{"start":{"line":32,"column":4},"end":{"line":38,"column":5}},"23":{"start":{"line":33,"column":6},"end":{"line":33,"column":30}},"24":{"start":{"line":35,"column":6},"end":{"line":37,"column":7}},"25":{"start":{"line":36,"column":8},"end":{"line":36,"column":20}},"26":{"start":{"line":42,"column":4},"end":{"line":81,"column":5}},"27":{"start":{"line":43,"column":24},"end":{"line":47,"column":8}},"28":{"start":{"line":49,"column":6},"end":{"line":78,"column":7}},"29":{"start":{"line":50,"column":25},"end":{"line":50,"column":56}},"30":{"start":{"line":52,"column":21},"end":{"line":58,"column":10}},"31":{"start":{"line":60,"column":8},"end":{"line":60,"column":56}},"32":{"start":{"line":62,"column":21},"end":{"line":66,"column":10}},"33":{"start":{"line":68,"column":8},"end":{"line":68,"column":56}},"34":{"start":{"line":70,"column":8},"end":{"line":75,"column":11}},"35":{"start":{"line":77,"column":8},"end":{"line":77,"column":52}},"36":{"start":{"line":80,"column":6},"end":{"line":80,"column":57}},"37":{"start":{"line":86,"column":4},"end":{"line":86,"column":33}},"38":{"start":{"line":87,"column":4},"end":{"line":87,"column":25}},"39":{"start":{"line":88,"column":4},"end":{"line":88,"column":57}},"40":{"start":{"line":90,"column":24},"end":{"line":94,"column":5}},"41":{"start":{"line":96,"column":4},"end":{"line":96,"column":36}},"42":{"start":{"line":101,"column":4},"end":{"line":101,"column":37}},"43":{"start":{"line":108,"column":4},"end":{"line":108,"column":34}},"44":{"start":{"line":112,"column":17},"end":{"line":112,"column":41}},"45":{"start":{"line":113,"column":4},"end":{"line":115,"column":7}},"46":{"start":{"line":114,"column":6},"end":{"line":114,"column":67}},"47":{"start":{"line":120,"column":20},"end":{"line":120,"column":33}},"48":{"start":{"line":121,"column":0},"end":{"line":121,"column":29}},"49":{"start":{"line":124,"column":0},"end":{"line":127,"column":1}},"50":{"start":{"line":125,"column":14},"end":{"line":125,"column":23}},"51":{"start":{"line":126,"column":2},"end":{"line":126,"column":15}}},"fnMap":{"0":{"name":"(anonymous_0)","decl":{"start":{"line":16,"column":2},"end":{"line":16,"column":3}},"loc":{"start":{"line":16,"column":16},"end":{"line":24,"column":3}},"line":16},"1":{"name":"(anonymous_1)","decl":{"start":{"line":25,"column":2},"end":{"line":25,"column":3}},"loc":{"start":{"line":25,"column":16},"end":{"line":30,"column":3}},"line":25},"2":{"name":"(anonymous_2)","decl":{"start":{"line":31,"column":2},"end":{"line":31,"column":3}},"loc":{"start":{"line":31,"column":43},"end":{"line":39,"column":3}},"line":31},"3":{"name":"(anonymous_3)","decl":{"start":{"line":41,"column":2},"end":{"line":41,"column":3}},"loc":{"start":{"line":41,"column":25},"end":{"line":82,"column":3}},"line":41},"4":{"name":"(anonymous_4)","decl":{"start":{"line":84,"column":2},"end":{"line":84,"column":3}},"loc":{"start":{"line":84,"column":19},"end":{"line":97,"column":3}},"line":84},"5":{"name":"(anonymous_5)","decl":{"start":{"line":99,"column":2},"end":{"line":99,"column":3}},"loc":{"start":{"line":99,"column":14},"end":{"line":104,"column":3}},"line":99},"6":{"name":"(anonymous_6)","decl":{"start":{"line":106,"column":2},"end":{"line":106,"column":3}},"loc":{"start":{"line":106,"column":24},"end":{"line":109,"column":3}},"line":106},"7":{"name":"(anonymous_7)","decl":{"start":{"line":111,"column":2},"end":{"line":111,"column":3}},"loc":{"start":{"line":111,"column":11},"end":{"line":116,"column":3}},"line":111},"8":{"name":"(anonymous_8)","decl":{"start":{"line":113,"column":26},"end":{"line":113,"column":27}},"loc":{"start":{"line":113,"column":38},"end":{"line":115,"column":5}},"line":113}},"branchMap":{"0":{"loc":{"start":{"line":35,"column":6},"end":{"line":37,"column":7}},"type":"if","locations":[{"start":{"line":35,"column":6},"end":{"line":37,"column":7}},{"start":{},"end":{}}],"line":35},"1":{"loc":{"start":{"line":49,"column":6},"end":{"line":78,"column":7}},"type":"if","locations":[{"start":{"line":49,"column":6},"end":{"line":78,"column":7}},{"start":{},"end":{}}],"line":49},"2":{"loc":{"start":{"line":112,"column":17},"end":{"line":112,"column":41}},"type":"binary-expr","locations":[{"start":{"line":112,"column":17},"end":{"line":112,"column":33}},{"start":{"line":112,"column":37},"end":{"line":112,"column":41}}],"line":112},"3":{"loc":{"start":{"line":124,"column":0},"end":{"line":127,"column":1}},"type":"if","locations":[{"start":{"line":124,"column":0},"end":{"line":127,"column":1}},{"start":{},"end":{}}],"line":124}},"s":{"0":1,"1":1,"2":1,"3":1,"4":1,"5":1,"6":1,"7":1,"8":1,"9":1,"10":1,"11":1,"12":1,"13":1,"14":1,"15":1,"16":1,"17":1,"18":1,"19":1,"20":1,"21":1,"22":1,"23":1,"24":1,"25":0,"26":1,"27":1,"28":1,"29":0,"30":0,"31":0,"32":0,"33":0,"34":0,"35":0,"36":0,"37":1,"38":1,"39":1,"40":1,"41":1,"42":1,"43":1,"44":0,"45":0,"46":0,"47":1,"48":1,"49":1,"50":0,"51":0},"f":{"0":1,"1":1,"2":1,"3":1,"4":1,"5":1,"6":1,"7":0,"8":0},"b":{"0":[0,1],"1":[0,1],"2":[0,0],"3":[0,1]},"_coverageSchema":"1a1c01bbd47fc00a2c39e90264f33305004495a9","hash":"9ef38b61632b3bb0eec876cea59642d9ad838bae"}
,"D:\\GitHub\\legal-affairs-electron\\src\\passport-config.js": {"path":"D:\\GitHub\\legal-affairs-electron\\src\\passport-config.js","statementMap":{"0":{"start":{"line":1,"column":17},"end":{"line":1,"column":36}},"1":{"start":{"line":2,"column":22},"end":{"line":2,"column":56}},"2":{"start":{"line":3,"column":12},"end":{"line":3,"column":35}},"3":{"start":{"line":4,"column":15},"end":{"line":4,"column":32}},"4":{"start":{"line":5,"column":23},"end":{"line":5,"column":43}},"5":{"start":{"line":6,"column":0},"end":{"line":6,"column":27}},"6":{"start":{"line":8,"column":19},"end":{"line":8,"column":45}},"7":{"start":{"line":10,"column":19},"end":{"line":10,"column":21}},"8":{"start":{"line":12,"column":0},"end":{"line":34,"column":6}},"9":{"start":{"line":18,"column":4},"end":{"line":33,"column":5}},"10":{"start":{"line":19,"column":19},"end":{"line":23,"column":8}},"11":{"start":{"line":24,"column":6},"end":{"line":30,"column":7}},"12":{"start":{"line":25,"column":8},"end":{"line":27,"column":11}},"13":{"start":{"line":29,"column":8},"end":{"line":29,"column":71}},"14":{"start":{"line":32,"column":6},"end":{"line":32,"column":18}},"15":{"start":{"line":37,"column":22},"end":{"line":40,"column":1}},"16":{"start":{"line":38,"column":21},"end":{"line":38,"column":52}},"17":{"start":{"line":39,"column":2},"end":{"line":39,"column":87}},"18":{"start":{"line":42,"column":21},"end":{"line":51,"column":1}},"19":{"start":{"line":43,"column":2},"end":{"line":50,"column":3}},"20":{"start":{"line":44,"column":17},"end":{"line":44,"column":49}},"21":{"start":{"line":45,"column":17},"end":{"line":45,"column":50}},"22":{"start":{"line":46,"column":4},"end":{"line":46,"column":16}},"23":{"start":{"line":48,"column":4},"end":{"line":48,"column":50}},"24":{"start":{"line":49,"column":4},"end":{"line":49,"column":16}},"25":{"start":{"line":53,"column":23},"end":{"line":61,"column":1}},"26":{"start":{"line":54,"column":2},"end":{"line":60,"column":3}},"27":{"start":{"line":55,"column":20},"end":{"line":55,"column":71}},"28":{"start":{"line":56,"column":4},"end":{"line":56,"column":19}},"29":{"start":{"line":58,"column":4},"end":{"line":58,"column":52}},"30":{"start":{"line":59,"column":4},"end":{"line":59,"column":16}},"31":{"start":{"line":63,"column":0},"end":{"line":67,"column":2}}},"fnMap":{"0":{"name":"(anonymous_0)","decl":{"start":{"line":16,"column":2},"end":{"line":16,"column":3}},"loc":{"start":{"line":16,"column":35},"end":{"line":34,"column":3}},"line":16},"1":{"name":"(anonymous_1)","decl":{"start":{"line":37,"column":22},"end":{"line":37,"column":23}},"loc":{"start":{"line":37,"column":32},"end":{"line":40,"column":1}},"line":37},"2":{"name":"(anonymous_2)","decl":{"start":{"line":42,"column":21},"end":{"line":42,"column":22}},"loc":{"start":{"line":42,"column":41},"end":{"line":51,"column":1}},"line":42},"3":{"name":"(anonymous_3)","decl":{"start":{"line":53,"column":23},"end":{"line":53,"column":24}},"loc":{"start":{"line":53,"column":64},"end":{"line":61,"column":1}},"line":53}},"branchMap":{"0":{"loc":{"start":{"line":24,"column":6},"end":{"line":30,"column":7}},"type":"if","locations":[{"start":{"line":24,"column":6},"end":{"line":30,"column":7}},{"start":{"line":28,"column":13},"end":{"line":30,"column":7}}],"line":24},"1":{"loc":{"start":{"line":38,"column":21},"end":{"line":38,"column":52}},"type":"binary-expr","locations":[{"start":{"line":38,"column":21},"end":{"line":38,"column":31}},{"start":{"line":38,"column":35},"end":{"line":38,"column":52}}],"line":38}},"s":{"0":1,"1":1,"2":1,"3":1,"4":1,"5":1,"6":1,"7":1,"8":1,"9":0,"10":0,"11":0,"12":0,"13":0,"14":0,"15":1,"16":0,"17":0,"18":1,"19":0,"20":0,"21":0,"22":0,"23":0,"24":0,"25":1,"26":0,"27":0,"28":0,"29":0,"30":0,"31":1},"f":{"0":0,"1":0,"2":0,"3":0},"b":{"0":[0,0],"1":[0,0]},"_coverageSchema":"1a1c01bbd47fc00a2c39e90264f33305004495a9","hash":"487f565e4a56a20f724a2f218694adc6f93f426f"}
,"D:\\GitHub\\legal-affairs-electron\\src\\secrets.js": {"path":"D:\\GitHub\\legal-affairs-electron\\src\\secrets.js","statementMap":{"0":{"start":{"line":1,"column":15},"end":{"line":1,"column":32}},"1":{"start":{"line":2,"column":0},"end":{"line":2,"column":32}},"2":{"start":{"line":4,"column":13},"end":{"line":4,"column":29}},"3":{"start":{"line":5,"column":19},"end":{"line":5,"column":41}},"4":{"start":{"line":7,"column":0},"end":{"line":10,"column":2}}},"fnMap":{},"branchMap":{},"s":{"0":1,"1":1,"2":1,"3":1,"4":1},"f":{},"b":{},"_coverageSchema":"1a1c01bbd47fc00a2c39e90264f33305004495a9","hash":"4c52afdcfb776b427367eba6856bb89589c70021"}
,"D:\\GitHub\\legal-affairs-electron\\src\\controllers\\AuthControllers.js": {"path":"D:\\GitHub\\legal-affairs-electron\\src\\controllers\\AuthControllers.js","statementMap":{"0":{"start":{"line":1,"column":29},"end":{"line":1,"column":57}},"1":{"start":{"line":2,"column":21},"end":{"line":2,"column":50}},"2":{"start":{"line":3,"column":28},"end":{"line":3,"column":64}},"3":{"start":{"line":4,"column":20},"end":{"line":4,"column":54}},"4":{"start":{"line":8,"column":8},"end":{"line":16,"column":9}},"5":{"start":{"line":9,"column":27},"end":{"line":9,"column":48}},"6":{"start":{"line":10,"column":12},"end":{"line":12,"column":13}},"7":{"start":{"line":11,"column":16},"end":{"line":11,"column":86}},"8":{"start":{"line":13,"column":12},"end":{"line":13,"column":52}},"9":{"start":{"line":15,"column":12},"end":{"line":15,"column":66}},"10":{"start":{"line":20,"column":0},"end":{"line":20,"column":38}}},"fnMap":{"0":{"name":"(anonymous_0)","decl":{"start":{"line":7,"column":4},"end":{"line":7,"column":5}},"loc":{"start":{"line":7,"column":32},"end":{"line":17,"column":5}},"line":7}},"branchMap":{"0":{"loc":{"start":{"line":10,"column":12},"end":{"line":12,"column":13}},"type":"if","locations":[{"start":{"line":10,"column":12},"end":{"line":12,"column":13}},{"start":{},"end":{}}],"line":10}},"s":{"0":1,"1":1,"2":1,"3":1,"4":0,"5":0,"6":0,"7":0,"8":0,"9":0,"10":1},"f":{"0":0},"b":{"0":[0,0]},"_coverageSchema":"1a1c01bbd47fc00a2c39e90264f33305004495a9","hash":"12b1e9bc3f0842ef58d76f06c753a504e738df41"}
,"D:\\GitHub\\legal-affairs-electron\\src\\controllers\\BookControllers.js": {"path":"D:\\GitHub\\legal-affairs-electron\\src\\controllers\\BookControllers.js","statementMap":{"0":{"start":{"line":1,"column":29},"end":{"line":1,"column":57}},"1":{"start":{"line":2,"column":20},"end":{"line":2,"column":55}},"2":{"start":{"line":3,"column":21},"end":{"line":3,"column":50}},"3":{"start":{"line":4,"column":28},"end":{"line":4,"column":64}},"4":{"start":{"line":5,"column":26},"end":{"line":5,"column":60}},"5":{"start":{"line":10,"column":8},"end":{"line":17,"column":9}},"6":{"start":{"line":11,"column":31},"end":{"line":11,"column":40}},"7":{"start":{"line":12,"column":26},"end":{"line":12,"column":67}},"8":{"start":{"line":13,"column":12},"end":{"line":13,"column":40}},"9":{"start":{"line":15,"column":12},"end":{"line":15,"column":33}},"10":{"start":{"line":16,"column":12},"end":{"line":16,"column":81}},"11":{"start":{"line":21,"column":19},"end":{"line":21,"column":40}},"12":{"start":{"line":22,"column":8},"end":{"line":31,"column":9}},"13":{"start":{"line":23,"column":25},"end":{"line":23,"column":58}},"14":{"start":{"line":24,"column":12},"end":{"line":26,"column":13}},"15":{"start":{"line":25,"column":16},"end":{"line":25,"column":80}},"16":{"start":{"line":27,"column":12},"end":{"line":27,"column":39}},"17":{"start":{"line":29,"column":12},"end":{"line":29,"column":33}},"18":{"start":{"line":30,"column":12},"end":{"line":30,"column":81}},"19":{"start":{"line":35,"column":8},"end":{"line":46,"column":9}},"20":{"start":{"line":36,"column":27},"end":{"line":36,"column":48}},"21":{"start":{"line":37,"column":12},"end":{"line":39,"column":13}},"22":{"start":{"line":38,"column":16},"end":{"line":38,"column":86}},"23":{"start":{"line":40,"column":29},"end":{"line":40,"column":37}},"24":{"start":{"line":41,"column":25},"end":{"line":41,"column":63}},"25":{"start":{"line":42,"column":12},"end":{"line":42,"column":39}},"26":{"start":{"line":44,"column":12},"end":{"line":44,"column":33}},"27":{"start":{"line":45,"column":12},"end":{"line":45,"column":81}},"28":{"start":{"line":50,"column":19},"end":{"line":50,"column":40}},"29":{"start":{"line":51,"column":8},"end":{"line":65,"column":9}},"30":{"start":{"line":52,"column":27},"end":{"line":52,"column":48}},"31":{"start":{"line":53,"column":12},"end":{"line":55,"column":13}},"32":{"start":{"line":54,"column":16},"end":{"line":54,"column":86}},"33":{"start":{"line":56,"column":29},"end":{"line":56,"column":37}},"34":{"start":{"line":57,"column":25},"end":{"line":57,"column":67}},"35":{"start":{"line":58,"column":12},"end":{"line":60,"column":13}},"36":{"start":{"line":59,"column":16},"end":{"line":59,"column":80}},"37":{"start":{"line":61,"column":12},"end":{"line":61,"column":39}},"38":{"start":{"line":63,"column":12},"end":{"line":63,"column":33}},"39":{"start":{"line":64,"column":12},"end":{"line":64,"column":81}},"40":{"start":{"line":69,"column":19},"end":{"line":69,"column":40}},"41":{"start":{"line":70,"column":8},"end":{"line":79,"column":9}},"42":{"start":{"line":71,"column":25},"end":{"line":71,"column":57}},"43":{"start":{"line":72,"column":12},"end":{"line":74,"column":13}},"44":{"start":{"line":73,"column":16},"end":{"line":73,"column":80}},"45":{"start":{"line":75,"column":12},"end":{"line":75,"column":39}},"46":{"start":{"line":77,"column":12},"end":{"line":77,"column":33}},"47":{"start":{"line":78,"column":12},"end":{"line":78,"column":81}},"48":{"start":{"line":83,"column":0},"end":{"line":83,"column":38}}},"fnMap":{"0":{"name":"(anonymous_0)","decl":{"start":{"line":9,"column":4},"end":{"line":9,"column":5}},"loc":{"start":{"line":9,"column":38},"end":{"line":18,"column":5}},"line":9},"1":{"name":"(anonymous_1)","decl":{"start":{"line":20,"column":4},"end":{"line":20,"column":5}},"loc":{"start":{"line":20,"column":38},"end":{"line":32,"column":5}},"line":20},"2":{"name":"(anonymous_2)","decl":{"start":{"line":34,"column":4},"end":{"line":34,"column":5}},"loc":{"start":{"line":34,"column":37},"end":{"line":47,"column":5}},"line":34},"3":{"name":"(anonymous_3)","decl":{"start":{"line":49,"column":4},"end":{"line":49,"column":5}},"loc":{"start":{"line":49,"column":37},"end":{"line":66,"column":5}},"line":49},"4":{"name":"(anonymous_4)","decl":{"start":{"line":68,"column":4},"end":{"line":68,"column":5}},"loc":{"start":{"line":68,"column":37},"end":{"line":80,"column":5}},"line":68}},"branchMap":{"0":{"loc":{"start":{"line":24,"column":12},"end":{"line":26,"column":13}},"type":"if","locations":[{"start":{"line":24,"column":12},"end":{"line":26,"column":13}},{"start":{},"end":{}}],"line":24},"1":{"loc":{"start":{"line":37,"column":12},"end":{"line":39,"column":13}},"type":"if","locations":[{"start":{"line":37,"column":12},"end":{"line":39,"column":13}},{"start":{},"end":{}}],"line":37},"2":{"loc":{"start":{"line":53,"column":12},"end":{"line":55,"column":13}},"type":"if","locations":[{"start":{"line":53,"column":12},"end":{"line":55,"column":13}},{"start":{},"end":{}}],"line":53},"3":{"loc":{"start":{"line":58,"column":12},"end":{"line":60,"column":13}},"type":"if","locations":[{"start":{"line":58,"column":12},"end":{"line":60,"column":13}},{"start":{},"end":{}}],"line":58},"4":{"loc":{"start":{"line":72,"column":12},"end":{"line":74,"column":13}},"type":"if","locations":[{"start":{"line":72,"column":12},"end":{"line":74,"column":13}},{"start":{},"end":{}}],"line":72}},"s":{"0":1,"1":1,"2":1,"3":1,"4":1,"5":0,"6":0,"7":0,"8":0,"9":0,"10":0,"11":0,"12":0,"13":0,"14":0,"15":0,"16":0,"17":0,"18":0,"19":0,"20":0,"21":0,"22":0,"23":0,"24":0,"25":0,"26":0,"27":0,"28":0,"29":0,"30":0,"31":0,"32":0,"33":0,"34":0,"35":0,"36":0,"37":0,"38":0,"39":0,"40":0,"41":0,"42":0,"43":0,"44":0,"45":0,"46":0,"47":0,"48":1},"f":{"0":0,"1":0,"2":0,"3":0,"4":0},"b":{"0":[0,0],"1":[0,0],"2":[0,0],"3":[0,0],"4":[0,0]},"_coverageSchema":"1a1c01bbd47fc00a2c39e90264f33305004495a9","hash":"9c4e615fca8be5092c7f0f3fcf1c29a0496f0224"}
,"D:\\GitHub\\legal-affairs-electron\\src\\controllers\\BookOrderControllers.js": {"path":"D:\\GitHub\\legal-affairs-electron\\src\\controllers\\BookOrderControllers.js","statementMap":{"0":{"start":{"line":1,"column":29},"end":{"line":1,"column":57}},"1":{"start":{"line":2,"column":25},"end":{"line":2,"column":65}},"2":{"start":{"line":3,"column":21},"end":{"line":3,"column":50}},"3":{"start":{"line":4,"column":28},"end":{"line":4,"column":64}},"4":{"start":{"line":5,"column":26},"end":{"line":5,"column":60}},"5":{"start":{"line":10,"column":8},"end":{"line":17,"column":9}},"6":{"start":{"line":11,"column":36},"end":{"line":11,"column":45}},"7":{"start":{"line":12,"column":31},"end":{"line":12,"column":87}},"8":{"start":{"line":13,"column":12},"end":{"line":13,"column":45}},"9":{"start":{"line":15,"column":12},"end":{"line":15,"column":33}},"10":{"start":{"line":16,"column":12},"end":{"line":16,"column":81}},"11":{"start":{"line":21,"column":19},"end":{"line":21,"column":40}},"12":{"start":{"line":22,"column":8},"end":{"line":31,"column":9}},"13":{"start":{"line":23,"column":30},"end":{"line":23,"column":73}},"14":{"start":{"line":24,"column":12},"end":{"line":26,"column":13}},"15":{"start":{"line":25,"column":16},"end":{"line":25,"column":85}},"16":{"start":{"line":27,"column":12},"end":{"line":27,"column":44}},"17":{"start":{"line":29,"column":12},"end":{"line":29,"column":33}},"18":{"start":{"line":30,"column":12},"end":{"line":30,"column":81}},"19":{"start":{"line":35,"column":8},"end":{"line":46,"column":9}},"20":{"start":{"line":36,"column":27},"end":{"line":36,"column":48}},"21":{"start":{"line":37,"column":12},"end":{"line":39,"column":13}},"22":{"start":{"line":38,"column":16},"end":{"line":38,"column":86}},"23":{"start":{"line":40,"column":34},"end":{"line":40,"column":42}},"24":{"start":{"line":41,"column":30},"end":{"line":41,"column":83}},"25":{"start":{"line":42,"column":12},"end":{"line":42,"column":44}},"26":{"start":{"line":44,"column":12},"end":{"line":44,"column":33}},"27":{"start":{"line":45,"column":12},"end":{"line":45,"column":81}},"28":{"start":{"line":50,"column":19},"end":{"line":50,"column":40}},"29":{"start":{"line":51,"column":8},"end":{"line":65,"column":9}},"30":{"start":{"line":52,"column":27},"end":{"line":52,"column":48}},"31":{"start":{"line":53,"column":12},"end":{"line":55,"column":13}},"32":{"start":{"line":54,"column":16},"end":{"line":54,"column":86}},"33":{"start":{"line":56,"column":34},"end":{"line":56,"column":42}},"34":{"start":{"line":57,"column":30},"end":{"line":57,"column":87}},"35":{"start":{"line":58,"column":12},"end":{"line":60,"column":13}},"36":{"start":{"line":59,"column":16},"end":{"line":59,"column":85}},"37":{"start":{"line":61,"column":12},"end":{"line":61,"column":44}},"38":{"start":{"line":63,"column":12},"end":{"line":63,"column":33}},"39":{"start":{"line":64,"column":12},"end":{"line":64,"column":81}},"40":{"start":{"line":69,"column":19},"end":{"line":69,"column":40}},"41":{"start":{"line":70,"column":8},"end":{"line":79,"column":9}},"42":{"start":{"line":71,"column":30},"end":{"line":71,"column":72}},"43":{"start":{"line":72,"column":12},"end":{"line":74,"column":13}},"44":{"start":{"line":73,"column":16},"end":{"line":73,"column":85}},"45":{"start":{"line":75,"column":12},"end":{"line":75,"column":44}},"46":{"start":{"line":77,"column":12},"end":{"line":77,"column":33}},"47":{"start":{"line":78,"column":12},"end":{"line":78,"column":81}},"48":{"start":{"line":83,"column":0},"end":{"line":83,"column":43}}},"fnMap":{"0":{"name":"(anonymous_0)","decl":{"start":{"line":9,"column":4},"end":{"line":9,"column":5}},"loc":{"start":{"line":9,"column":43},"end":{"line":18,"column":5}},"line":9},"1":{"name":"(anonymous_1)","decl":{"start":{"line":20,"column":4},"end":{"line":20,"column":5}},"loc":{"start":{"line":20,"column":43},"end":{"line":32,"column":5}},"line":20},"2":{"name":"(anonymous_2)","decl":{"start":{"line":34,"column":4},"end":{"line":34,"column":5}},"loc":{"start":{"line":34,"column":42},"end":{"line":47,"column":5}},"line":34},"3":{"name":"(anonymous_3)","decl":{"start":{"line":49,"column":4},"end":{"line":49,"column":5}},"loc":{"start":{"line":49,"column":42},"end":{"line":66,"column":5}},"line":49},"4":{"name":"(anonymous_4)","decl":{"start":{"line":68,"column":4},"end":{"line":68,"column":5}},"loc":{"start":{"line":68,"column":42},"end":{"line":80,"column":5}},"line":68}},"branchMap":{"0":{"loc":{"start":{"line":24,"column":12},"end":{"line":26,"column":13}},"type":"if","locations":[{"start":{"line":24,"column":12},"end":{"line":26,"column":13}},{"start":{},"end":{}}],"line":24},"1":{"loc":{"start":{"line":37,"column":12},"end":{"line":39,"column":13}},"type":"if","locations":[{"start":{"line":37,"column":12},"end":{"line":39,"column":13}},{"start":{},"end":{}}],"line":37},"2":{"loc":{"start":{"line":53,"column":12},"end":{"line":55,"column":13}},"type":"if","locations":[{"start":{"line":53,"column":12},"end":{"line":55,"column":13}},{"start":{},"end":{}}],"line":53},"3":{"loc":{"start":{"line":58,"column":12},"end":{"line":60,"column":13}},"type":"if","locations":[{"start":{"line":58,"column":12},"end":{"line":60,"column":13}},{"start":{},"end":{}}],"line":58},"4":{"loc":{"start":{"line":72,"column":12},"end":{"line":74,"column":13}},"type":"if","locations":[{"start":{"line":72,"column":12},"end":{"line":74,"column":13}},{"start":{},"end":{}}],"line":72}},"s":{"0":1,"1":1,"2":1,"3":1,"4":1,"5":0,"6":0,"7":0,"8":0,"9":0,"10":0,"11":0,"12":0,"13":0,"14":0,"15":0,"16":0,"17":0,"18":0,"19":0,"20":0,"21":0,"22":0,"23":0,"24":0,"25":0,"26":0,"27":0,"28":0,"29":0,"30":0,"31":0,"32":0,"33":0,"34":0,"35":0,"36":0,"37":0,"38":0,"39":0,"40":0,"41":0,"42":0,"43":0,"44":0,"45":0,"46":0,"47":0,"48":1},"f":{"0":0,"1":0,"2":0,"3":0,"4":0},"b":{"0":[0,0],"1":[0,0],"2":[0,0],"3":[0,0],"4":[0,0]},"_coverageSchema":"1a1c01bbd47fc00a2c39e90264f33305004495a9","hash":"6840a636d6d74d43a46fffb1406fc300982556e4"}
,"D:\\GitHub\\legal-affairs-electron\\src\\controllers\\ComplaintControllers.js": {"path":"D:\\GitHub\\legal-affairs-electron\\src\\controllers\\ComplaintControllers.js","statementMap":{"0":{"start":{"line":1,"column":29},"end":{"line":1,"column":57}},"1":{"start":{"line":2,"column":25},"end":{"line":2,"column":65}},"2":{"start":{"line":3,"column":21},"end":{"line":3,"column":50}},"3":{"start":{"line":4,"column":28},"end":{"line":4,"column":64}},"4":{"start":{"line":5,"column":26},"end":{"line":5,"column":60}},"5":{"start":{"line":10,"column":8},"end":{"line":17,"column":9}},"6":{"start":{"line":11,"column":36},"end":{"line":11,"column":45}},"7":{"start":{"line":12,"column":31},"end":{"line":12,"column":87}},"8":{"start":{"line":13,"column":12},"end":{"line":13,"column":45}},"9":{"start":{"line":15,"column":12},"end":{"line":15,"column":31}},"10":{"start":{"line":16,"column":12},"end":{"line":16,"column":66}},"11":{"start":{"line":21,"column":19},"end":{"line":21,"column":40}},"12":{"start":{"line":22,"column":8},"end":{"line":31,"column":9}},"13":{"start":{"line":23,"column":30},"end":{"line":23,"column":73}},"14":{"start":{"line":24,"column":12},"end":{"line":26,"column":13}},"15":{"start":{"line":25,"column":16},"end":{"line":25,"column":85}},"16":{"start":{"line":27,"column":12},"end":{"line":27,"column":44}},"17":{"start":{"line":29,"column":12},"end":{"line":29,"column":31}},"18":{"start":{"line":30,"column":12},"end":{"line":30,"column":66}},"19":{"start":{"line":35,"column":8},"end":{"line":46,"column":9}},"20":{"start":{"line":36,"column":27},"end":{"line":36,"column":48}},"21":{"start":{"line":37,"column":12},"end":{"line":39,"column":13}},"22":{"start":{"line":38,"column":16},"end":{"line":38,"column":86}},"23":{"start":{"line":40,"column":34},"end":{"line":40,"column":42}},"24":{"start":{"line":41,"column":30},"end":{"line":41,"column":83}},"25":{"start":{"line":42,"column":12},"end":{"line":42,"column":44}},"26":{"start":{"line":44,"column":12},"end":{"line":44,"column":31}},"27":{"start":{"line":45,"column":12},"end":{"line":45,"column":66}},"28":{"start":{"line":50,"column":19},"end":{"line":50,"column":40}},"29":{"start":{"line":51,"column":8},"end":{"line":65,"column":9}},"30":{"start":{"line":52,"column":27},"end":{"line":52,"column":48}},"31":{"start":{"line":53,"column":12},"end":{"line":55,"column":13}},"32":{"start":{"line":54,"column":16},"end":{"line":54,"column":86}},"33":{"start":{"line":56,"column":34},"end":{"line":56,"column":42}},"34":{"start":{"line":57,"column":30},"end":{"line":57,"column":87}},"35":{"start":{"line":58,"column":12},"end":{"line":60,"column":13}},"36":{"start":{"line":59,"column":16},"end":{"line":59,"column":85}},"37":{"start":{"line":61,"column":12},"end":{"line":61,"column":44}},"38":{"start":{"line":63,"column":12},"end":{"line":63,"column":31}},"39":{"start":{"line":64,"column":12},"end":{"line":64,"column":66}},"40":{"start":{"line":69,"column":19},"end":{"line":69,"column":40}},"41":{"start":{"line":70,"column":8},"end":{"line":79,"column":9}},"42":{"start":{"line":71,"column":30},"end":{"line":71,"column":72}},"43":{"start":{"line":72,"column":12},"end":{"line":74,"column":13}},"44":{"start":{"line":73,"column":16},"end":{"line":73,"column":85}},"45":{"start":{"line":75,"column":12},"end":{"line":75,"column":44}},"46":{"start":{"line":77,"column":12},"end":{"line":77,"column":31}},"47":{"start":{"line":78,"column":12},"end":{"line":78,"column":66}},"48":{"start":{"line":83,"column":0},"end":{"line":83,"column":43}}},"fnMap":{"0":{"name":"(anonymous_0)","decl":{"start":{"line":9,"column":4},"end":{"line":9,"column":5}},"loc":{"start":{"line":9,"column":43},"end":{"line":18,"column":5}},"line":9},"1":{"name":"(anonymous_1)","decl":{"start":{"line":20,"column":4},"end":{"line":20,"column":5}},"loc":{"start":{"line":20,"column":43},"end":{"line":32,"column":5}},"line":20},"2":{"name":"(anonymous_2)","decl":{"start":{"line":34,"column":4},"end":{"line":34,"column":5}},"loc":{"start":{"line":34,"column":42},"end":{"line":47,"column":5}},"line":34},"3":{"name":"(anonymous_3)","decl":{"start":{"line":49,"column":4},"end":{"line":49,"column":5}},"loc":{"start":{"line":49,"column":42},"end":{"line":66,"column":5}},"line":49},"4":{"name":"(anonymous_4)","decl":{"start":{"line":68,"column":4},"end":{"line":68,"column":5}},"loc":{"start":{"line":68,"column":42},"end":{"line":80,"column":5}},"line":68}},"branchMap":{"0":{"loc":{"start":{"line":24,"column":12},"end":{"line":26,"column":13}},"type":"if","locations":[{"start":{"line":24,"column":12},"end":{"line":26,"column":13}},{"start":{},"end":{}}],"line":24},"1":{"loc":{"start":{"line":37,"column":12},"end":{"line":39,"column":13}},"type":"if","locations":[{"start":{"line":37,"column":12},"end":{"line":39,"column":13}},{"start":{},"end":{}}],"line":37},"2":{"loc":{"start":{"line":53,"column":12},"end":{"line":55,"column":13}},"type":"if","locations":[{"start":{"line":53,"column":12},"end":{"line":55,"column":13}},{"start":{},"end":{}}],"line":53},"3":{"loc":{"start":{"line":58,"column":12},"end":{"line":60,"column":13}},"type":"if","locations":[{"start":{"line":58,"column":12},"end":{"line":60,"column":13}},{"start":{},"end":{}}],"line":58},"4":{"loc":{"start":{"line":72,"column":12},"end":{"line":74,"column":13}},"type":"if","locations":[{"start":{"line":72,"column":12},"end":{"line":74,"column":13}},{"start":{},"end":{}}],"line":72}},"s":{"0":1,"1":1,"2":1,"3":1,"4":1,"5":0,"6":0,"7":0,"8":0,"9":0,"10":0,"11":0,"12":0,"13":0,"14":0,"15":0,"16":0,"17":0,"18":0,"19":0,"20":0,"21":0,"22":0,"23":0,"24":0,"25":0,"26":0,"27":0,"28":0,"29":0,"30":0,"31":0,"32":0,"33":0,"34":0,"35":0,"36":0,"37":0,"38":0,"39":0,"40":0,"41":0,"42":0,"43":0,"44":0,"45":0,"46":0,"47":0,"48":1},"f":{"0":0,"1":0,"2":0,"3":0,"4":0},"b":{"0":[0,0],"1":[0,0],"2":[0,0],"3":[0,0],"4":[0,0]},"_coverageSchema":"1a1c01bbd47fc00a2c39e90264f33305004495a9","hash":"d673d563a8537ad76e984bc27299a448b0f02b8a"}
,"D:\\GitHub\\legal-affairs-electron\\src\\controllers\\CustomerControllers.js": {"path":"D:\\GitHub\\legal-affairs-electron\\src\\controllers\\CustomerControllers.js","statementMap":{"0":{"start":{"line":1,"column":29},"end":{"line":1,"column":57}},"1":{"start":{"line":2,"column":24},"end":{"line":2,"column":63}},"2":{"start":{"line":3,"column":21},"end":{"line":3,"column":50}},"3":{"start":{"line":4,"column":28},"end":{"line":4,"column":64}},"4":{"start":{"line":5,"column":26},"end":{"line":5,"column":60}},"5":{"start":{"line":10,"column":8},"end":{"line":17,"column":9}},"6":{"start":{"line":11,"column":35},"end":{"line":11,"column":44}},"7":{"start":{"line":12,"column":30},"end":{"line":12,"column":83}},"8":{"start":{"line":13,"column":12},"end":{"line":13,"column":44}},"9":{"start":{"line":15,"column":12},"end":{"line":15,"column":33}},"10":{"start":{"line":16,"column":12},"end":{"line":16,"column":81}},"11":{"start":{"line":21,"column":19},"end":{"line":21,"column":40}},"12":{"start":{"line":22,"column":8},"end":{"line":31,"column":9}},"13":{"start":{"line":23,"column":29},"end":{"line":23,"column":70}},"14":{"start":{"line":24,"column":12},"end":{"line":26,"column":13}},"15":{"start":{"line":25,"column":16},"end":{"line":25,"column":84}},"16":{"start":{"line":27,"column":12},"end":{"line":27,"column":43}},"17":{"start":{"line":29,"column":12},"end":{"line":29,"column":33}},"18":{"start":{"line":30,"column":12},"end":{"line":30,"column":81}},"19":{"start":{"line":35,"column":8},"end":{"line":46,"column":9}},"20":{"start":{"line":36,"column":27},"end":{"line":36,"column":48}},"21":{"start":{"line":37,"column":12},"end":{"line":39,"column":13}},"22":{"start":{"line":38,"column":16},"end":{"line":38,"column":86}},"23":{"start":{"line":40,"column":33},"end":{"line":40,"column":41}},"24":{"start":{"line":41,"column":29},"end":{"line":41,"column":79}},"25":{"start":{"line":42,"column":12},"end":{"line":42,"column":43}},"26":{"start":{"line":44,"column":12},"end":{"line":44,"column":33}},"27":{"start":{"line":45,"column":12},"end":{"line":45,"column":81}},"28":{"start":{"line":50,"column":19},"end":{"line":50,"column":40}},"29":{"start":{"line":51,"column":8},"end":{"line":65,"column":9}},"30":{"start":{"line":52,"column":27},"end":{"line":52,"column":48}},"31":{"start":{"line":53,"column":12},"end":{"line":55,"column":13}},"32":{"start":{"line":54,"column":16},"end":{"line":54,"column":86}},"33":{"start":{"line":56,"column":33},"end":{"line":56,"column":41}},"34":{"start":{"line":57,"column":29},"end":{"line":57,"column":83}},"35":{"start":{"line":58,"column":12},"end":{"line":60,"column":13}},"36":{"start":{"line":59,"column":16},"end":{"line":59,"column":84}},"37":{"start":{"line":61,"column":12},"end":{"line":61,"column":43}},"38":{"start":{"line":63,"column":12},"end":{"line":63,"column":33}},"39":{"start":{"line":64,"column":12},"end":{"line":64,"column":81}},"40":{"start":{"line":69,"column":19},"end":{"line":69,"column":40}},"41":{"start":{"line":70,"column":8},"end":{"line":79,"column":9}},"42":{"start":{"line":71,"column":29},"end":{"line":71,"column":69}},"43":{"start":{"line":72,"column":12},"end":{"line":74,"column":13}},"44":{"start":{"line":73,"column":16},"end":{"line":73,"column":84}},"45":{"start":{"line":75,"column":12},"end":{"line":75,"column":43}},"46":{"start":{"line":77,"column":12},"end":{"line":77,"column":33}},"47":{"start":{"line":78,"column":12},"end":{"line":78,"column":81}},"48":{"start":{"line":83,"column":0},"end":{"line":83,"column":42}}},"fnMap":{"0":{"name":"(anonymous_0)","decl":{"start":{"line":9,"column":4},"end":{"line":9,"column":5}},"loc":{"start":{"line":9,"column":42},"end":{"line":18,"column":5}},"line":9},"1":{"name":"(anonymous_1)","decl":{"start":{"line":20,"column":4},"end":{"line":20,"column":5}},"loc":{"start":{"line":20,"column":42},"end":{"line":32,"column":5}},"line":20},"2":{"name":"(anonymous_2)","decl":{"start":{"line":34,"column":4},"end":{"line":34,"column":5}},"loc":{"start":{"line":34,"column":41},"end":{"line":47,"column":5}},"line":34},"3":{"name":"(anonymous_3)","decl":{"start":{"line":49,"column":4},"end":{"line":49,"column":5}},"loc":{"start":{"line":49,"column":41},"end":{"line":66,"column":5}},"line":49},"4":{"name":"(anonymous_4)","decl":{"start":{"line":68,"column":4},"end":{"line":68,"column":5}},"loc":{"start":{"line":68,"column":41},"end":{"line":80,"column":5}},"line":68}},"branchMap":{"0":{"loc":{"start":{"line":24,"column":12},"end":{"line":26,"column":13}},"type":"if","locations":[{"start":{"line":24,"column":12},"end":{"line":26,"column":13}},{"start":{},"end":{}}],"line":24},"1":{"loc":{"start":{"line":37,"column":12},"end":{"line":39,"column":13}},"type":"if","locations":[{"start":{"line":37,"column":12},"end":{"line":39,"column":13}},{"start":{},"end":{}}],"line":37},"2":{"loc":{"start":{"line":53,"column":12},"end":{"line":55,"column":13}},"type":"if","locations":[{"start":{"line":53,"column":12},"end":{"line":55,"column":13}},{"start":{},"end":{}}],"line":53},"3":{"loc":{"start":{"line":58,"column":12},"end":{"line":60,"column":13}},"type":"if","locations":[{"start":{"line":58,"column":12},"end":{"line":60,"column":13}},{"start":{},"end":{}}],"line":58},"4":{"loc":{"start":{"line":72,"column":12},"end":{"line":74,"column":13}},"type":"if","locations":[{"start":{"line":72,"column":12},"end":{"line":74,"column":13}},{"start":{},"end":{}}],"line":72}},"s":{"0":1,"1":1,"2":1,"3":1,"4":1,"5":0,"6":0,"7":0,"8":0,"9":0,"10":0,"11":0,"12":0,"13":0,"14":0,"15":0,"16":0,"17":0,"18":0,"19":0,"20":0,"21":0,"22":0,"23":0,"24":0,"25":0,"26":0,"27":0,"28":0,"29":0,"30":0,"31":0,"32":0,"33":0,"34":0,"35":0,"36":0,"37":0,"38":0,"39":0,"40":0,"41":0,"42":0,"43":0,"44":0,"45":0,"46":0,"47":0,"48":1},"f":{"0":0,"1":0,"2":0,"3":0,"4":0},"b":{"0":[0,0],"1":[0,0],"2":[0,0],"3":[0,0],"4":[0,0]},"_coverageSchema":"1a1c01bbd47fc00a2c39e90264f33305004495a9","hash":"f3479d153f9e589bb54fe5b086bf0ed8d8e9535c"}
,"D:\\GitHub\\legal-affairs-electron\\src\\controllers\\DecisionControllers.js": {"path":"D:\\GitHub\\legal-affairs-electron\\src\\controllers\\DecisionControllers.js","statementMap":{"0":{"start":{"line":1,"column":29},"end":{"line":1,"column":57}},"1":{"start":{"line":2,"column":25},"end":{"line":2,"column":64}},"2":{"start":{"line":3,"column":21},"end":{"line":3,"column":50}},"3":{"start":{"line":4,"column":28},"end":{"line":4,"column":64}},"4":{"start":{"line":5,"column":26},"end":{"line":5,"column":60}},"5":{"start":{"line":9,"column":8},"end":{"line":16,"column":9}},"6":{"start":{"line":10,"column":35},"end":{"line":10,"column":44}},"7":{"start":{"line":11,"column":29},"end":{"line":11,"column":82}},"8":{"start":{"line":12,"column":12},"end":{"line":12,"column":43}},"9":{"start":{"line":14,"column":12},"end":{"line":14,"column":31}},"10":{"start":{"line":15,"column":12},"end":{"line":15,"column":66}},"11":{"start":{"line":20,"column":19},"end":{"line":20,"column":40}},"12":{"start":{"line":21,"column":8},"end":{"line":30,"column":9}},"13":{"start":{"line":22,"column":29},"end":{"line":22,"column":71}},"14":{"start":{"line":23,"column":12},"end":{"line":25,"column":13}},"15":{"start":{"line":24,"column":16},"end":{"line":24,"column":84}},"16":{"start":{"line":26,"column":12},"end":{"line":26,"column":43}},"17":{"start":{"line":28,"column":12},"end":{"line":28,"column":31}},"18":{"start":{"line":29,"column":12},"end":{"line":29,"column":66}},"19":{"start":{"line":34,"column":8},"end":{"line":50,"column":9}},"20":{"start":{"line":35,"column":27},"end":{"line":35,"column":48}},"21":{"start":{"line":36,"column":12},"end":{"line":38,"column":13}},"22":{"start":{"line":37,"column":16},"end":{"line":37,"column":86}},"23":{"start":{"line":39,"column":33},"end":{"line":39,"column":41}},"24":{"start":{"line":40,"column":27},"end":{"line":40,"column":29}},"25":{"start":{"line":42,"column":12},"end":{"line":44,"column":13}},"26":{"start":{"line":43,"column":16},"end":{"line":43,"column":47}},"27":{"start":{"line":45,"column":29},"end":{"line":45,"column":90}},"28":{"start":{"line":46,"column":12},"end":{"line":46,"column":43}},"29":{"start":{"line":48,"column":12},"end":{"line":48,"column":31}},"30":{"start":{"line":49,"column":12},"end":{"line":49,"column":66}},"31":{"start":{"line":54,"column":19},"end":{"line":54,"column":40}},"32":{"start":{"line":55,"column":8},"end":{"line":76,"column":9}},"33":{"start":{"line":56,"column":27},"end":{"line":56,"column":48}},"34":{"start":{"line":57,"column":12},"end":{"line":59,"column":13}},"35":{"start":{"line":58,"column":16},"end":{"line":58,"column":86}},"36":{"start":{"line":60,"column":27},"end":{"line":60,"column":29}},"37":{"start":{"line":62,"column":12},"end":{"line":64,"column":13}},"38":{"start":{"line":63,"column":16},"end":{"line":63,"column":56}},"39":{"start":{"line":65,"column":12},"end":{"line":65,"column":90}},"40":{"start":{"line":67,"column":33},"end":{"line":67,"column":41}},"41":{"start":{"line":68,"column":29},"end":{"line":68,"column":92}},"42":{"start":{"line":69,"column":12},"end":{"line":71,"column":13}},"43":{"start":{"line":70,"column":16},"end":{"line":70,"column":84}},"44":{"start":{"line":72,"column":12},"end":{"line":72,"column":43}},"45":{"start":{"line":74,"column":12},"end":{"line":74,"column":31}},"46":{"start":{"line":75,"column":12},"end":{"line":75,"column":66}},"47":{"start":{"line":80,"column":19},"end":{"line":80,"column":40}},"48":{"start":{"line":81,"column":8},"end":{"line":90,"column":9}},"49":{"start":{"line":82,"column":29},"end":{"line":82,"column":70}},"50":{"start":{"line":83,"column":12},"end":{"line":85,"column":13}},"51":{"start":{"line":84,"column":16},"end":{"line":84,"column":84}},"52":{"start":{"line":86,"column":12},"end":{"line":86,"column":43}},"53":{"start":{"line":88,"column":12},"end":{"line":88,"column":31}},"54":{"start":{"line":89,"column":12},"end":{"line":89,"column":66}},"55":{"start":{"line":93,"column":0},"end":{"line":93,"column":40}}},"fnMap":{"0":{"name":"(anonymous_0)","decl":{"start":{"line":8,"column":4},"end":{"line":8,"column":5}},"loc":{"start":{"line":8,"column":41},"end":{"line":17,"column":5}},"line":8},"1":{"name":"(anonymous_1)","decl":{"start":{"line":19,"column":4},"end":{"line":19,"column":5}},"loc":{"start":{"line":19,"column":42},"end":{"line":31,"column":5}},"line":19},"2":{"name":"(anonymous_2)","decl":{"start":{"line":33,"column":4},"end":{"line":33,"column":5}},"loc":{"start":{"line":33,"column":41},"end":{"line":51,"column":5}},"line":33},"3":{"name":"(anonymous_3)","decl":{"start":{"line":53,"column":4},"end":{"line":53,"column":5}},"loc":{"start":{"line":53,"column":41},"end":{"line":77,"column":5}},"line":53},"4":{"name":"(anonymous_4)","decl":{"start":{"line":79,"column":4},"end":{"line":79,"column":5}},"loc":{"start":{"line":79,"column":41},"end":{"line":91,"column":5}},"line":79}},"branchMap":{"0":{"loc":{"start":{"line":23,"column":12},"end":{"line":25,"column":13}},"type":"if","locations":[{"start":{"line":23,"column":12},"end":{"line":25,"column":13}},{"start":{},"end":{}}],"line":23},"1":{"loc":{"start":{"line":36,"column":12},"end":{"line":38,"column":13}},"type":"if","locations":[{"start":{"line":36,"column":12},"end":{"line":38,"column":13}},{"start":{},"end":{}}],"line":36},"2":{"loc":{"start":{"line":42,"column":12},"end":{"line":44,"column":13}},"type":"if","locations":[{"start":{"line":42,"column":12},"end":{"line":44,"column":13}},{"start":{},"end":{}}],"line":42},"3":{"loc":{"start":{"line":57,"column":12},"end":{"line":59,"column":13}},"type":"if","locations":[{"start":{"line":57,"column":12},"end":{"line":59,"column":13}},{"start":{},"end":{}}],"line":57},"4":{"loc":{"start":{"line":62,"column":12},"end":{"line":64,"column":13}},"type":"if","locations":[{"start":{"line":62,"column":12},"end":{"line":64,"column":13}},{"start":{},"end":{}}],"line":62},"5":{"loc":{"start":{"line":69,"column":12},"end":{"line":71,"column":13}},"type":"if","locations":[{"start":{"line":69,"column":12},"end":{"line":71,"column":13}},{"start":{},"end":{}}],"line":69},"6":{"loc":{"start":{"line":83,"column":12},"end":{"line":85,"column":13}},"type":"if","locations":[{"start":{"line":83,"column":12},"end":{"line":85,"column":13}},{"start":{},"end":{}}],"line":83}},"s":{"0":1,"1":1,"2":1,"3":1,"4":1,"5":0,"6":0,"7":0,"8":0,"9":0,"10":0,"11":0,"12":0,"13":0,"14":0,"15":0,"16":0,"17":0,"18":0,"19":0,"20":0,"21":0,"22":0,"23":0,"24":0,"25":0,"26":0,"27":0,"28":0,"29":0,"30":0,"31":0,"32":0,"33":0,"34":0,"35":0,"36":0,"37":0,"38":0,"39":0,"40":0,"41":0,"42":0,"43":0,"44":0,"45":0,"46":0,"47":0,"48":0,"49":0,"50":0,"51":0,"52":0,"53":0,"54":0,"55":1},"f":{"0":0,"1":0,"2":0,"3":0,"4":0},"b":{"0":[0,0],"1":[0,0],"2":[0,0],"3":[0,0],"4":[0,0],"5":[0,0],"6":[0,0]},"_coverageSchema":"1a1c01bbd47fc00a2c39e90264f33305004495a9","hash":"82a6ae553a2ac06e7c65c3dbbfccd20e4f64ae07"}
,"D:\\GitHub\\legal-affairs-electron\\src\\controllers\\EmployControllers.js": {"path":"D:\\GitHub\\legal-affairs-electron\\src\\controllers\\EmployControllers.js","statementMap":{"0":{"start":{"line":1,"column":29},"end":{"line":1,"column":57}},"1":{"start":{"line":2,"column":23},"end":{"line":2,"column":60}},"2":{"start":{"line":3,"column":21},"end":{"line":3,"column":50}},"3":{"start":{"line":4,"column":28},"end":{"line":4,"column":64}},"4":{"start":{"line":5,"column":26},"end":{"line":5,"column":60}},"5":{"start":{"line":9,"column":8},"end":{"line":16,"column":9}},"6":{"start":{"line":10,"column":33},"end":{"line":10,"column":42}},"7":{"start":{"line":11,"column":27},"end":{"line":11,"column":74}},"8":{"start":{"line":12,"column":12},"end":{"line":12,"column":41}},"9":{"start":{"line":14,"column":12},"end":{"line":14,"column":31}},"10":{"start":{"line":15,"column":12},"end":{"line":15,"column":66}},"11":{"start":{"line":20,"column":19},"end":{"line":20,"column":40}},"12":{"start":{"line":21,"column":8},"end":{"line":30,"column":9}},"13":{"start":{"line":22,"column":27},"end":{"line":22,"column":65}},"14":{"start":{"line":23,"column":12},"end":{"line":25,"column":13}},"15":{"start":{"line":24,"column":16},"end":{"line":24,"column":82}},"16":{"start":{"line":26,"column":12},"end":{"line":26,"column":41}},"17":{"start":{"line":28,"column":12},"end":{"line":28,"column":31}},"18":{"start":{"line":29,"column":12},"end":{"line":29,"column":66}},"19":{"start":{"line":34,"column":8},"end":{"line":51,"column":9}},"20":{"start":{"line":35,"column":27},"end":{"line":35,"column":48}},"21":{"start":{"line":36,"column":12},"end":{"line":38,"column":13}},"22":{"start":{"line":37,"column":16},"end":{"line":37,"column":86}},"23":{"start":{"line":39,"column":31},"end":{"line":39,"column":39}},"24":{"start":{"line":40,"column":27},"end":{"line":40,"column":29}},"25":{"start":{"line":42,"column":12},"end":{"line":44,"column":13}},"26":{"start":{"line":43,"column":16},"end":{"line":43,"column":47}},"27":{"start":{"line":46,"column":27},"end":{"line":46,"column":82}},"28":{"start":{"line":47,"column":12},"end":{"line":47,"column":41}},"29":{"start":{"line":49,"column":12},"end":{"line":49,"column":31}},"30":{"start":{"line":50,"column":12},"end":{"line":50,"column":66}},"31":{"start":{"line":55,"column":19},"end":{"line":55,"column":40}},"32":{"start":{"line":56,"column":8},"end":{"line":76,"column":9}},"33":{"start":{"line":57,"column":27},"end":{"line":57,"column":48}},"34":{"start":{"line":58,"column":12},"end":{"line":60,"column":13}},"35":{"start":{"line":59,"column":16},"end":{"line":59,"column":86}},"36":{"start":{"line":62,"column":31},"end":{"line":62,"column":39}},"37":{"start":{"line":63,"column":27},"end":{"line":63,"column":29}},"38":{"start":{"line":65,"column":12},"end":{"line":67,"column":13}},"39":{"start":{"line":66,"column":16},"end":{"line":66,"column":54}},"40":{"start":{"line":68,"column":27},"end":{"line":68,"column":84}},"41":{"start":{"line":69,"column":12},"end":{"line":71,"column":13}},"42":{"start":{"line":70,"column":16},"end":{"line":70,"column":82}},"43":{"start":{"line":72,"column":12},"end":{"line":72,"column":41}},"44":{"start":{"line":74,"column":12},"end":{"line":74,"column":31}},"45":{"start":{"line":75,"column":12},"end":{"line":75,"column":66}},"46":{"start":{"line":80,"column":19},"end":{"line":80,"column":40}},"47":{"start":{"line":81,"column":8},"end":{"line":90,"column":9}},"48":{"start":{"line":82,"column":27},"end":{"line":82,"column":64}},"49":{"start":{"line":83,"column":12},"end":{"line":85,"column":13}},"50":{"start":{"line":84,"column":16},"end":{"line":84,"column":82}},"51":{"start":{"line":86,"column":12},"end":{"line":86,"column":41}},"52":{"start":{"line":88,"column":12},"end":{"line":88,"column":31}},"53":{"start":{"line":89,"column":12},"end":{"line":89,"column":66}},"54":{"start":{"line":93,"column":0},"end":{"line":93,"column":38}}},"fnMap":{"0":{"name":"(anonymous_0)","decl":{"start":{"line":8,"column":4},"end":{"line":8,"column":5}},"loc":{"start":{"line":8,"column":39},"end":{"line":17,"column":5}},"line":8},"1":{"name":"(anonymous_1)","decl":{"start":{"line":19,"column":4},"end":{"line":19,"column":5}},"loc":{"start":{"line":19,"column":40},"end":{"line":31,"column":5}},"line":19},"2":{"name":"(anonymous_2)","decl":{"start":{"line":33,"column":4},"end":{"line":33,"column":5}},"loc":{"start":{"line":33,"column":39},"end":{"line":52,"column":5}},"line":33},"3":{"name":"(anonymous_3)","decl":{"start":{"line":54,"column":4},"end":{"line":54,"column":5}},"loc":{"start":{"line":54,"column":39},"end":{"line":77,"column":5}},"line":54},"4":{"name":"(anonymous_4)","decl":{"start":{"line":79,"column":4},"end":{"line":79,"column":5}},"loc":{"start":{"line":79,"column":39},"end":{"line":91,"column":5}},"line":79}},"branchMap":{"0":{"loc":{"start":{"line":23,"column":12},"end":{"line":25,"column":13}},"type":"if","locations":[{"start":{"line":23,"column":12},"end":{"line":25,"column":13}},{"start":{},"end":{}}],"line":23},"1":{"loc":{"start":{"line":36,"column":12},"end":{"line":38,"column":13}},"type":"if","locations":[{"start":{"line":36,"column":12},"end":{"line":38,"column":13}},{"start":{},"end":{}}],"line":36},"2":{"loc":{"start":{"line":42,"column":12},"end":{"line":44,"column":13}},"type":"if","locations":[{"start":{"line":42,"column":12},"end":{"line":44,"column":13}},{"start":{},"end":{}}],"line":42},"3":{"loc":{"start":{"line":58,"column":12},"end":{"line":60,"column":13}},"type":"if","locations":[{"start":{"line":58,"column":12},"end":{"line":60,"column":13}},{"start":{},"end":{}}],"line":58},"4":{"loc":{"start":{"line":65,"column":12},"end":{"line":67,"column":13}},"type":"if","locations":[{"start":{"line":65,"column":12},"end":{"line":67,"column":13}},{"start":{},"end":{}}],"line":65},"5":{"loc":{"start":{"line":69,"column":12},"end":{"line":71,"column":13}},"type":"if","locations":[{"start":{"line":69,"column":12},"end":{"line":71,"column":13}},{"start":{},"end":{}}],"line":69},"6":{"loc":{"start":{"line":83,"column":12},"end":{"line":85,"column":13}},"type":"if","locations":[{"start":{"line":83,"column":12},"end":{"line":85,"column":13}},{"start":{},"end":{}}],"line":83}},"s":{"0":1,"1":1,"2":1,"3":1,"4":1,"5":0,"6":0,"7":0,"8":0,"9":0,"10":0,"11":0,"12":0,"13":0,"14":0,"15":0,"16":0,"17":0,"18":0,"19":0,"20":0,"21":0,"22":0,"23":0,"24":0,"25":0,"26":0,"27":0,"28":0,"29":0,"30":0,"31":0,"32":0,"33":0,"34":0,"35":0,"36":0,"37":0,"38":0,"39":0,"40":0,"41":0,"42":0,"43":0,"44":0,"45":0,"46":0,"47":0,"48":0,"49":0,"50":0,"51":0,"52":0,"53":0,"54":1},"f":{"0":0,"1":0,"2":0,"3":0,"4":0},"b":{"0":[0,0],"1":[0,0],"2":[0,0],"3":[0,0],"4":[0,0],"5":[0,0],"6":[0,0]},"_coverageSchema":"1a1c01bbd47fc00a2c39e90264f33305004495a9","hash":"8d125b667851ada49761c8307a428412336c27ac"}
,"D:\\GitHub\\legal-affairs-electron\\src\\controllers\\EnumValueControllers.js": {"path":"D:\\GitHub\\legal-affairs-electron\\src\\controllers\\EnumValueControllers.js","statementMap":{"0":{"start":{"line":2,"column":20},"end":{"line":2,"column":60}},"1":{"start":{"line":3,"column":20},"end":{"line":3,"column":49}},"2":{"start":{"line":9,"column":8},"end":{"line":16,"column":9}},"3":{"start":{"line":10,"column":36},"end":{"line":10,"column":45}},"4":{"start":{"line":11,"column":26},"end":{"line":11,"column":65}},"5":{"start":{"line":12,"column":12},"end":{"line":12,"column":40}},"6":{"start":{"line":14,"column":12},"end":{"line":14,"column":31}},"7":{"start":{"line":15,"column":12},"end":{"line":15,"column":66}},"8":{"start":{"line":21,"column":0},"end":{"line":21,"column":38}}},"fnMap":{"0":{"name":"(anonymous_0)","decl":{"start":{"line":8,"column":4},"end":{"line":8,"column":5}},"loc":{"start":{"line":8,"column":37},"end":{"line":17,"column":5}},"line":8}},"branchMap":{},"s":{"0":1,"1":1,"2":0,"3":0,"4":0,"5":0,"6":0,"7":0,"8":1},"f":{"0":0},"b":{},"_coverageSchema":"1a1c01bbd47fc00a2c39e90264f33305004495a9","hash":"327ba3822c81ee80be8d0a165481e46fbb483c16"}
,"D:\\GitHub\\legal-affairs-electron\\src\\controllers\\GeneralizationContrllers.js": {"path":"D:\\GitHub\\legal-affairs-electron\\src\\controllers\\GeneralizationContrllers.js","statementMap":{"0":{"start":{"line":1,"column":29},"end":{"line":1,"column":57}},"1":{"start":{"line":2,"column":33},"end":{"line":2,"column":78}},"2":{"start":{"line":3,"column":21},"end":{"line":3,"column":50}},"3":{"start":{"line":4,"column":28},"end":{"line":4,"column":64}},"4":{"start":{"line":5,"column":26},"end":{"line":5,"column":60}},"5":{"start":{"line":9,"column":8},"end":{"line":16,"column":9}},"6":{"start":{"line":10,"column":41},"end":{"line":10,"column":50}},"7":{"start":{"line":11,"column":35},"end":{"line":11,"column":108}},"8":{"start":{"line":12,"column":12},"end":{"line":12,"column":49}},"9":{"start":{"line":14,"column":12},"end":{"line":14,"column":31}},"10":{"start":{"line":15,"column":12},"end":{"line":15,"column":66}},"11":{"start":{"line":20,"column":19},"end":{"line":20,"column":40}},"12":{"start":{"line":21,"column":8},"end":{"line":30,"column":9}},"13":{"start":{"line":22,"column":35},"end":{"line":22,"column":91}},"14":{"start":{"line":23,"column":12},"end":{"line":25,"column":13}},"15":{"start":{"line":24,"column":16},"end":{"line":24,"column":90}},"16":{"start":{"line":26,"column":12},"end":{"line":26,"column":49}},"17":{"start":{"line":28,"column":12},"end":{"line":28,"column":31}},"18":{"start":{"line":29,"column":12},"end":{"line":29,"column":66}},"19":{"start":{"line":34,"column":8},"end":{"line":49,"column":9}},"20":{"start":{"line":35,"column":27},"end":{"line":35,"column":48}},"21":{"start":{"line":36,"column":12},"end":{"line":38,"column":13}},"22":{"start":{"line":37,"column":16},"end":{"line":37,"column":86}},"23":{"start":{"line":39,"column":39},"end":{"line":39,"column":47}},"24":{"start":{"line":40,"column":25},"end":{"line":40,"column":27}},"25":{"start":{"line":41,"column":12},"end":{"line":43,"column":13}},"26":{"start":{"line":42,"column":16},"end":{"line":42,"column":62}},"27":{"start":{"line":44,"column":35},"end":{"line":44,"column":115}},"28":{"start":{"line":45,"column":12},"end":{"line":45,"column":49}},"29":{"start":{"line":47,"column":12},"end":{"line":47,"column":31}},"30":{"start":{"line":48,"column":12},"end":{"line":48,"column":66}},"31":{"start":{"line":53,"column":19},"end":{"line":53,"column":40}},"32":{"start":{"line":54,"column":8},"end":{"line":72,"column":9}},"33":{"start":{"line":55,"column":27},"end":{"line":55,"column":48}},"34":{"start":{"line":56,"column":12},"end":{"line":58,"column":13}},"35":{"start":{"line":57,"column":16},"end":{"line":57,"column":86}},"36":{"start":{"line":59,"column":39},"end":{"line":59,"column":47}},"37":{"start":{"line":60,"column":25},"end":{"line":60,"column":27}},"38":{"start":{"line":61,"column":12},"end":{"line":63,"column":13}},"39":{"start":{"line":62,"column":16},"end":{"line":62,"column":62}},"40":{"start":{"line":64,"column":35},"end":{"line":64,"column":118}},"41":{"start":{"line":65,"column":12},"end":{"line":67,"column":13}},"42":{"start":{"line":66,"column":16},"end":{"line":66,"column":90}},"43":{"start":{"line":68,"column":12},"end":{"line":68,"column":49}},"44":{"start":{"line":70,"column":12},"end":{"line":70,"column":31}},"45":{"start":{"line":71,"column":12},"end":{"line":71,"column":66}},"46":{"start":{"line":76,"column":19},"end":{"line":76,"column":40}},"47":{"start":{"line":77,"column":8},"end":{"line":86,"column":9}},"48":{"start":{"line":78,"column":35},"end":{"line":78,"column":90}},"49":{"start":{"line":79,"column":12},"end":{"line":81,"column":13}},"50":{"start":{"line":80,"column":16},"end":{"line":80,"column":90}},"51":{"start":{"line":82,"column":12},"end":{"line":82,"column":49}},"52":{"start":{"line":84,"column":12},"end":{"line":84,"column":31}},"53":{"start":{"line":85,"column":12},"end":{"line":85,"column":66}},"54":{"start":{"line":89,"column":0},"end":{"line":89,"column":45}}},"fnMap":{"0":{"name":"(anonymous_0)","decl":{"start":{"line":8,"column":4},"end":{"line":8,"column":5}},"loc":{"start":{"line":8,"column":47},"end":{"line":17,"column":5}},"line":8},"1":{"name":"(anonymous_1)","decl":{"start":{"line":19,"column":4},"end":{"line":19,"column":5}},"loc":{"start":{"line":19,"column":48},"end":{"line":31,"column":5}},"line":19},"2":{"name":"(anonymous_2)","decl":{"start":{"line":33,"column":4},"end":{"line":33,"column":5}},"loc":{"start":{"line":33,"column":47},"end":{"line":50,"column":5}},"line":33},"3":{"name":"(anonymous_3)","decl":{"start":{"line":52,"column":4},"end":{"line":52,"column":5}},"loc":{"start":{"line":52,"column":47},"end":{"line":73,"column":5}},"line":52},"4":{"name":"(anonymous_4)","decl":{"start":{"line":75,"column":4},"end":{"line":75,"column":5}},"loc":{"start":{"line":75,"column":47},"end":{"line":87,"column":5}},"line":75}},"branchMap":{"0":{"loc":{"start":{"line":23,"column":12},"end":{"line":25,"column":13}},"type":"if","locations":[{"start":{"line":23,"column":12},"end":{"line":25,"column":13}},{"start":{},"end":{}}],"line":23},"1":{"loc":{"start":{"line":36,"column":12},"end":{"line":38,"column":13}},"type":"if","locations":[{"start":{"line":36,"column":12},"end":{"line":38,"column":13}},{"start":{},"end":{}}],"line":36},"2":{"loc":{"start":{"line":41,"column":12},"end":{"line":43,"column":13}},"type":"if","locations":[{"start":{"line":41,"column":12},"end":{"line":43,"column":13}},{"start":{},"end":{}}],"line":41},"3":{"loc":{"start":{"line":56,"column":12},"end":{"line":58,"column":13}},"type":"if","locations":[{"start":{"line":56,"column":12},"end":{"line":58,"column":13}},{"start":{},"end":{}}],"line":56},"4":{"loc":{"start":{"line":61,"column":12},"end":{"line":63,"column":13}},"type":"if","locations":[{"start":{"line":61,"column":12},"end":{"line":63,"column":13}},{"start":{},"end":{}}],"line":61},"5":{"loc":{"start":{"line":65,"column":12},"end":{"line":67,"column":13}},"type":"if","locations":[{"start":{"line":65,"column":12},"end":{"line":67,"column":13}},{"start":{},"end":{}}],"line":65},"6":{"loc":{"start":{"line":79,"column":12},"end":{"line":81,"column":13}},"type":"if","locations":[{"start":{"line":79,"column":12},"end":{"line":81,"column":13}},{"start":{},"end":{}}],"line":79}},"s":{"0":1,"1":1,"2":1,"3":1,"4":1,"5":0,"6":0,"7":0,"8":0,"9":0,"10":0,"11":0,"12":0,"13":0,"14":0,"15":0,"16":0,"17":0,"18":0,"19":0,"20":0,"21":0,"22":0,"23":0,"24":0,"25":0,"26":0,"27":0,"28":0,"29":0,"30":0,"31":0,"32":0,"33":0,"34":0,"35":0,"36":0,"37":0,"38":0,"39":0,"40":0,"41":0,"42":0,"43":0,"44":0,"45":0,"46":0,"47":0,"48":0,"49":0,"50":0,"51":0,"52":0,"53":0,"54":1},"f":{"0":0,"1":0,"2":0,"3":0,"4":0},"b":{"0":[0,0],"1":[0,0],"2":[0,0],"3":[0,0],"4":[0,0],"5":[0,0],"6":[0,0]},"_coverageSchema":"1a1c01bbd47fc00a2c39e90264f33305004495a9","hash":"8db72abf533796953f8e6c267b6be300a9e2aa6c"}
,"D:\\GitHub\\legal-affairs-electron\\src\\controllers\\GovernmentOfficeController.js": {"path":"D:\\GitHub\\legal-affairs-electron\\src\\controllers\\GovernmentOfficeController.js","statementMap":{"0":{"start":{"line":1,"column":29},"end":{"line":1,"column":57}},"1":{"start":{"line":2,"column":32},"end":{"line":2,"column":77}},"2":{"start":{"line":3,"column":21},"end":{"line":3,"column":50}},"3":{"start":{"line":4,"column":28},"end":{"line":4,"column":64}},"4":{"start":{"line":5,"column":26},"end":{"line":5,"column":60}},"5":{"start":{"line":9,"column":8},"end":{"line":16,"column":9}},"6":{"start":{"line":10,"column":43},"end":{"line":10,"column":52}},"7":{"start":{"line":11,"column":37},"end":{"line":11,"column":113}},"8":{"start":{"line":12,"column":12},"end":{"line":12,"column":51}},"9":{"start":{"line":14,"column":12},"end":{"line":14,"column":31}},"10":{"start":{"line":15,"column":12},"end":{"line":15,"column":66}},"11":{"start":{"line":20,"column":19},"end":{"line":20,"column":40}},"12":{"start":{"line":21,"column":8},"end":{"line":30,"column":9}},"13":{"start":{"line":22,"column":37},"end":{"line":22,"column":94}},"14":{"start":{"line":23,"column":12},"end":{"line":25,"column":13}},"15":{"start":{"line":24,"column":16},"end":{"line":24,"column":92}},"16":{"start":{"line":26,"column":12},"end":{"line":26,"column":51}},"17":{"start":{"line":28,"column":12},"end":{"line":28,"column":31}},"18":{"start":{"line":29,"column":12},"end":{"line":29,"column":66}},"19":{"start":{"line":34,"column":8},"end":{"line":45,"column":9}},"20":{"start":{"line":35,"column":27},"end":{"line":35,"column":48}},"21":{"start":{"line":36,"column":12},"end":{"line":38,"column":13}},"22":{"start":{"line":37,"column":16},"end":{"line":37,"column":86}},"23":{"start":{"line":39,"column":41},"end":{"line":39,"column":49}},"24":{"start":{"line":40,"column":37},"end":{"line":40,"column":111}},"25":{"start":{"line":41,"column":12},"end":{"line":41,"column":51}},"26":{"start":{"line":43,"column":12},"end":{"line":43,"column":31}},"27":{"start":{"line":44,"column":12},"end":{"line":44,"column":66}},"28":{"start":{"line":49,"column":19},"end":{"line":49,"column":40}},"29":{"start":{"line":50,"column":8},"end":{"line":64,"column":9}},"30":{"start":{"line":51,"column":27},"end":{"line":51,"column":48}},"31":{"start":{"line":52,"column":12},"end":{"line":54,"column":13}},"32":{"start":{"line":53,"column":16},"end":{"line":53,"column":86}},"33":{"start":{"line":55,"column":41},"end":{"line":55,"column":49}},"34":{"start":{"line":56,"column":37},"end":{"line":56,"column":114}},"35":{"start":{"line":57,"column":12},"end":{"line":59,"column":13}},"36":{"start":{"line":58,"column":16},"end":{"line":58,"column":92}},"37":{"start":{"line":60,"column":12},"end":{"line":60,"column":51}},"38":{"start":{"line":62,"column":12},"end":{"line":62,"column":31}},"39":{"start":{"line":63,"column":12},"end":{"line":63,"column":66}},"40":{"start":{"line":68,"column":19},"end":{"line":68,"column":40}},"41":{"start":{"line":69,"column":8},"end":{"line":78,"column":9}},"42":{"start":{"line":70,"column":37},"end":{"line":70,"column":93}},"43":{"start":{"line":71,"column":12},"end":{"line":73,"column":13}},"44":{"start":{"line":72,"column":16},"end":{"line":72,"column":92}},"45":{"start":{"line":74,"column":12},"end":{"line":74,"column":51}},"46":{"start":{"line":76,"column":12},"end":{"line":76,"column":31}},"47":{"start":{"line":77,"column":12},"end":{"line":77,"column":66}},"48":{"start":{"line":81,"column":0},"end":{"line":81,"column":47}}},"fnMap":{"0":{"name":"(anonymous_0)","decl":{"start":{"line":8,"column":4},"end":{"line":8,"column":5}},"loc":{"start":{"line":8,"column":49},"end":{"line":17,"column":5}},"line":8},"1":{"name":"(anonymous_1)","decl":{"start":{"line":19,"column":4},"end":{"line":19,"column":5}},"loc":{"start":{"line":19,"column":50},"end":{"line":31,"column":5}},"line":19},"2":{"name":"(anonymous_2)","decl":{"start":{"line":33,"column":4},"end":{"line":33,"column":5}},"loc":{"start":{"line":33,"column":49},"end":{"line":46,"column":5}},"line":33},"3":{"name":"(anonymous_3)","decl":{"start":{"line":48,"column":4},"end":{"line":48,"column":5}},"loc":{"start":{"line":48,"column":49},"end":{"line":65,"column":5}},"line":48},"4":{"name":"(anonymous_4)","decl":{"start":{"line":67,"column":4},"end":{"line":67,"column":5}},"loc":{"start":{"line":67,"column":49},"end":{"line":79,"column":5}},"line":67}},"branchMap":{"0":{"loc":{"start":{"line":23,"column":12},"end":{"line":25,"column":13}},"type":"if","locations":[{"start":{"line":23,"column":12},"end":{"line":25,"column":13}},{"start":{},"end":{}}],"line":23},"1":{"loc":{"start":{"line":36,"column":12},"end":{"line":38,"column":13}},"type":"if","locations":[{"start":{"line":36,"column":12},"end":{"line":38,"column":13}},{"start":{},"end":{}}],"line":36},"2":{"loc":{"start":{"line":52,"column":12},"end":{"line":54,"column":13}},"type":"if","locations":[{"start":{"line":52,"column":12},"end":{"line":54,"column":13}},{"start":{},"end":{}}],"line":52},"3":{"loc":{"start":{"line":57,"column":12},"end":{"line":59,"column":13}},"type":"if","locations":[{"start":{"line":57,"column":12},"end":{"line":59,"column":13}},{"start":{},"end":{}}],"line":57},"4":{"loc":{"start":{"line":71,"column":12},"end":{"line":73,"column":13}},"type":"if","locations":[{"start":{"line":71,"column":12},"end":{"line":73,"column":13}},{"start":{},"end":{}}],"line":71}},"s":{"0":1,"1":1,"2":1,"3":1,"4":1,"5":0,"6":0,"7":0,"8":0,"9":0,"10":0,"11":0,"12":0,"13":0,"14":0,"15":0,"16":0,"17":0,"18":0,"19":0,"20":0,"21":0,"22":0,"23":0,"24":0,"25":0,"26":0,"27":0,"28":0,"29":0,"30":0,"31":0,"32":0,"33":0,"34":0,"35":0,"36":0,"37":0,"38":0,"39":0,"40":0,"41":0,"42":0,"43":0,"44":0,"45":0,"46":0,"47":0,"48":1},"f":{"0":0,"1":0,"2":0,"3":0,"4":0},"b":{"0":[0,0],"1":[0,0],"2":[0,0],"3":[0,0],"4":[0,0]},"_coverageSchema":"1a1c01bbd47fc00a2c39e90264f33305004495a9","hash":"e06b374d0a4554c4740b93b8598499ba089b1174"}
,"D:\\GitHub\\legal-affairs-electron\\src\\controllers\\IssueControllers.js": {"path":"D:\\GitHub\\legal-affairs-electron\\src\\controllers\\IssueControllers.js","statementMap":{"0":{"start":{"line":1,"column":29},"end":{"line":1,"column":57}},"1":{"start":{"line":2,"column":21},"end":{"line":2,"column":56}},"2":{"start":{"line":3,"column":21},"end":{"line":3,"column":50}},"3":{"start":{"line":4,"column":28},"end":{"line":4,"column":64}},"4":{"start":{"line":5,"column":26},"end":{"line":5,"column":60}},"5":{"start":{"line":9,"column":8},"end":{"line":16,"column":9}},"6":{"start":{"line":10,"column":32},"end":{"line":10,"column":41}},"7":{"start":{"line":11,"column":26},"end":{"line":11,"column":69}},"8":{"start":{"line":12,"column":12},"end":{"line":12,"column":40}},"9":{"start":{"line":14,"column":12},"end":{"line":14,"column":31}},"10":{"start":{"line":15,"column":12},"end":{"line":15,"column":66}},"11":{"start":{"line":20,"column":19},"end":{"line":20,"column":40}},"12":{"start":{"line":21,"column":8},"end":{"line":30,"column":9}},"13":{"start":{"line":22,"column":26},"end":{"line":22,"column":61}},"14":{"start":{"line":23,"column":12},"end":{"line":25,"column":13}},"15":{"start":{"line":24,"column":16},"end":{"line":24,"column":81}},"16":{"start":{"line":26,"column":12},"end":{"line":26,"column":40}},"17":{"start":{"line":28,"column":12},"end":{"line":28,"column":31}},"18":{"start":{"line":29,"column":12},"end":{"line":29,"column":66}},"19":{"start":{"line":34,"column":8},"end":{"line":45,"column":9}},"20":{"start":{"line":35,"column":27},"end":{"line":35,"column":48}},"21":{"start":{"line":36,"column":12},"end":{"line":38,"column":13}},"22":{"start":{"line":37,"column":16},"end":{"line":37,"column":86}},"23":{"start":{"line":39,"column":30},"end":{"line":39,"column":38}},"24":{"start":{"line":40,"column":26},"end":{"line":40,"column":67}},"25":{"start":{"line":41,"column":12},"end":{"line":41,"column":40}},"26":{"start":{"line":43,"column":12},"end":{"line":43,"column":31}},"27":{"start":{"line":44,"column":12},"end":{"line":44,"column":66}},"28":{"start":{"line":49,"column":19},"end":{"line":49,"column":40}},"29":{"start":{"line":50,"column":8},"end":{"line":64,"column":9}},"30":{"start":{"line":51,"column":27},"end":{"line":51,"column":48}},"31":{"start":{"line":52,"column":12},"end":{"line":54,"column":13}},"32":{"start":{"line":53,"column":16},"end":{"line":53,"column":86}},"33":{"start":{"line":55,"column":30},"end":{"line":55,"column":38}},"34":{"start":{"line":56,"column":26},"end":{"line":56,"column":71}},"35":{"start":{"line":57,"column":12},"end":{"line":59,"column":13}},"36":{"start":{"line":58,"column":16},"end":{"line":58,"column":81}},"37":{"start":{"line":60,"column":12},"end":{"line":60,"column":40}},"38":{"start":{"line":62,"column":12},"end":{"line":62,"column":31}},"39":{"start":{"line":63,"column":12},"end":{"line":63,"column":66}},"40":{"start":{"line":68,"column":19},"end":{"line":68,"column":40}},"41":{"start":{"line":69,"column":8},"end":{"line":78,"column":9}},"42":{"start":{"line":70,"column":26},"end":{"line":70,"column":60}},"43":{"start":{"line":71,"column":12},"end":{"line":73,"column":13}},"44":{"start":{"line":72,"column":16},"end":{"line":72,"column":81}},"45":{"start":{"line":74,"column":12},"end":{"line":74,"column":40}},"46":{"start":{"line":76,"column":12},"end":{"line":76,"column":31}},"47":{"start":{"line":77,"column":12},"end":{"line":77,"column":66}},"48":{"start":{"line":81,"column":0},"end":{"line":81,"column":36}}},"fnMap":{"0":{"name":"(anonymous_0)","decl":{"start":{"line":8,"column":4},"end":{"line":8,"column":5}},"loc":{"start":{"line":8,"column":38},"end":{"line":17,"column":5}},"line":8},"1":{"name":"(anonymous_1)","decl":{"start":{"line":19,"column":4},"end":{"line":19,"column":5}},"loc":{"start":{"line":19,"column":39},"end":{"line":31,"column":5}},"line":19},"2":{"name":"(anonymous_2)","decl":{"start":{"line":33,"column":4},"end":{"line":33,"column":5}},"loc":{"start":{"line":33,"column":38},"end":{"line":46,"column":5}},"line":33},"3":{"name":"(anonymous_3)","decl":{"start":{"line":48,"column":4},"end":{"line":48,"column":5}},"loc":{"start":{"line":48,"column":38},"end":{"line":65,"column":5}},"line":48},"4":{"name":"(anonymous_4)","decl":{"start":{"line":67,"column":4},"end":{"line":67,"column":5}},"loc":{"start":{"line":67,"column":38},"end":{"line":79,"column":5}},"line":67}},"branchMap":{"0":{"loc":{"start":{"line":23,"column":12},"end":{"line":25,"column":13}},"type":"if","locations":[{"start":{"line":23,"column":12},"end":{"line":25,"column":13}},{"start":{},"end":{}}],"line":23},"1":{"loc":{"start":{"line":36,"column":12},"end":{"line":38,"column":13}},"type":"if","locations":[{"start":{"line":36,"column":12},"end":{"line":38,"column":13}},{"start":{},"end":{}}],"line":36},"2":{"loc":{"start":{"line":52,"column":12},"end":{"line":54,"column":13}},"type":"if","locations":[{"start":{"line":52,"column":12},"end":{"line":54,"column":13}},{"start":{},"end":{}}],"line":52},"3":{"loc":{"start":{"line":57,"column":12},"end":{"line":59,"column":13}},"type":"if","locations":[{"start":{"line":57,"column":12},"end":{"line":59,"column":13}},{"start":{},"end":{}}],"line":57},"4":{"loc":{"start":{"line":71,"column":12},"end":{"line":73,"column":13}},"type":"if","locations":[{"start":{"line":71,"column":12},"end":{"line":73,"column":13}},{"start":{},"end":{}}],"line":71}},"s":{"0":1,"1":1,"2":1,"3":1,"4":1,"5":0,"6":0,"7":0,"8":0,"9":0,"10":0,"11":0,"12":0,"13":0,"14":0,"15":0,"16":0,"17":0,"18":0,"19":0,"20":0,"21":0,"22":0,"23":0,"24":0,"25":0,"26":0,"27":0,"28":0,"29":0,"30":0,"31":0,"32":0,"33":0,"34":0,"35":0,"36":0,"37":0,"38":0,"39":0,"40":0,"41":0,"42":0,"43":0,"44":0,"45":0,"46":0,"47":0,"48":1},"f":{"0":0,"1":0,"2":0,"3":0,"4":0},"b":{"0":[0,0],"1":[0,0],"2":[0,0],"3":[0,0],"4":[0,0]},"_coverageSchema":"1a1c01bbd47fc00a2c39e90264f33305004495a9","hash":"1eb3981a5e47724ddb3438df197079cb39f98485"}
,"D:\\GitHub\\legal-affairs-electron\\src\\controllers\\IssueDetailsControllers.js": {"path":"D:\\GitHub\\legal-affairs-electron\\src\\controllers\\IssueDetailsControllers.js","statementMap":{"0":{"start":{"line":1,"column":29},"end":{"line":1,"column":57}},"1":{"start":{"line":2,"column":28},"end":{"line":2,"column":71}},"2":{"start":{"line":3,"column":21},"end":{"line":3,"column":50}},"3":{"start":{"line":4,"column":28},"end":{"line":4,"column":64}},"4":{"start":{"line":5,"column":26},"end":{"line":5,"column":60}},"5":{"start":{"line":10,"column":8},"end":{"line":17,"column":9}},"6":{"start":{"line":11,"column":39},"end":{"line":11,"column":48}},"7":{"start":{"line":12,"column":33},"end":{"line":12,"column":97}},"8":{"start":{"line":13,"column":12},"end":{"line":13,"column":47}},"9":{"start":{"line":15,"column":12},"end":{"line":15,"column":31}},"10":{"start":{"line":16,"column":12},"end":{"line":16,"column":66}},"11":{"start":{"line":21,"column":19},"end":{"line":21,"column":40}},"12":{"start":{"line":22,"column":8},"end":{"line":31,"column":9}},"13":{"start":{"line":23,"column":33},"end":{"line":23,"column":82}},"14":{"start":{"line":24,"column":12},"end":{"line":26,"column":13}},"15":{"start":{"line":25,"column":16},"end":{"line":25,"column":88}},"16":{"start":{"line":27,"column":12},"end":{"line":27,"column":47}},"17":{"start":{"line":29,"column":12},"end":{"line":29,"column":31}},"18":{"start":{"line":30,"column":12},"end":{"line":30,"column":66}},"19":{"start":{"line":35,"column":8},"end":{"line":46,"column":9}},"20":{"start":{"line":36,"column":27},"end":{"line":36,"column":48}},"21":{"start":{"line":37,"column":12},"end":{"line":39,"column":13}},"22":{"start":{"line":38,"column":16},"end":{"line":38,"column":86}},"23":{"start":{"line":40,"column":37},"end":{"line":40,"column":45}},"24":{"start":{"line":41,"column":33},"end":{"line":41,"column":95}},"25":{"start":{"line":42,"column":12},"end":{"line":42,"column":47}},"26":{"start":{"line":44,"column":12},"end":{"line":44,"column":31}},"27":{"start":{"line":45,"column":12},"end":{"line":45,"column":66}},"28":{"start":{"line":50,"column":19},"end":{"line":50,"column":40}},"29":{"start":{"line":51,"column":8},"end":{"line":65,"column":9}},"30":{"start":{"line":52,"column":27},"end":{"line":52,"column":48}},"31":{"start":{"line":53,"column":12},"end":{"line":55,"column":13}},"32":{"start":{"line":54,"column":16},"end":{"line":54,"column":86}},"33":{"start":{"line":56,"column":37},"end":{"line":56,"column":45}},"34":{"start":{"line":57,"column":33},"end":{"line":57,"column":99}},"35":{"start":{"line":58,"column":12},"end":{"line":60,"column":13}},"36":{"start":{"line":59,"column":16},"end":{"line":59,"column":88}},"37":{"start":{"line":61,"column":12},"end":{"line":61,"column":47}},"38":{"start":{"line":63,"column":12},"end":{"line":63,"column":31}},"39":{"start":{"line":64,"column":12},"end":{"line":64,"column":66}},"40":{"start":{"line":69,"column":19},"end":{"line":69,"column":40}},"41":{"start":{"line":70,"column":8},"end":{"line":79,"column":9}},"42":{"start":{"line":71,"column":33},"end":{"line":71,"column":81}},"43":{"start":{"line":72,"column":12},"end":{"line":74,"column":13}},"44":{"start":{"line":73,"column":16},"end":{"line":73,"column":88}},"45":{"start":{"line":75,"column":12},"end":{"line":75,"column":47}},"46":{"start":{"line":77,"column":12},"end":{"line":77,"column":31}},"47":{"start":{"line":78,"column":12},"end":{"line":78,"column":66}},"48":{"start":{"line":83,"column":0},"end":{"line":83,"column":46}}},"fnMap":{"0":{"name":"(anonymous_0)","decl":{"start":{"line":9,"column":4},"end":{"line":9,"column":5}},"loc":{"start":{"line":9,"column":45},"end":{"line":18,"column":5}},"line":9},"1":{"name":"(anonymous_1)","decl":{"start":{"line":20,"column":4},"end":{"line":20,"column":5}},"loc":{"start":{"line":20,"column":46},"end":{"line":32,"column":5}},"line":20},"2":{"name":"(anonymous_2)","decl":{"start":{"line":34,"column":4},"end":{"line":34,"column":5}},"loc":{"start":{"line":34,"column":45},"end":{"line":47,"column":5}},"line":34},"3":{"name":"(anonymous_3)","decl":{"start":{"line":49,"column":4},"end":{"line":49,"column":5}},"loc":{"start":{"line":49,"column":45},"end":{"line":66,"column":5}},"line":49},"4":{"name":"(anonymous_4)","decl":{"start":{"line":68,"column":4},"end":{"line":68,"column":5}},"loc":{"start":{"line":68,"column":45},"end":{"line":80,"column":5}},"line":68}},"branchMap":{"0":{"loc":{"start":{"line":24,"column":12},"end":{"line":26,"column":13}},"type":"if","locations":[{"start":{"line":24,"column":12},"end":{"line":26,"column":13}},{"start":{},"end":{}}],"line":24},"1":{"loc":{"start":{"line":37,"column":12},"end":{"line":39,"column":13}},"type":"if","locations":[{"start":{"line":37,"column":12},"end":{"line":39,"column":13}},{"start":{},"end":{}}],"line":37},"2":{"loc":{"start":{"line":53,"column":12},"end":{"line":55,"column":13}},"type":"if","locations":[{"start":{"line":53,"column":12},"end":{"line":55,"column":13}},{"start":{},"end":{}}],"line":53},"3":{"loc":{"start":{"line":58,"column":12},"end":{"line":60,"column":13}},"type":"if","locations":[{"start":{"line":58,"column":12},"end":{"line":60,"column":13}},{"start":{},"end":{}}],"line":58},"4":{"loc":{"start":{"line":72,"column":12},"end":{"line":74,"column":13}},"type":"if","locations":[{"start":{"line":72,"column":12},"end":{"line":74,"column":13}},{"start":{},"end":{}}],"line":72}},"s":{"0":1,"1":1,"2":1,"3":1,"4":1,"5":0,"6":0,"7":0,"8":0,"9":0,"10":0,"11":0,"12":0,"13":0,"14":0,"15":0,"16":0,"17":0,"18":0,"19":0,"20":0,"21":0,"22":0,"23":0,"24":0,"25":0,"26":0,"27":0,"28":0,"29":0,"30":0,"31":0,"32":0,"33":0,"34":0,"35":0,"36":0,"37":0,"38":0,"39":0,"40":0,"41":0,"42":0,"43":0,"44":0,"45":0,"46":0,"47":0,"48":1},"f":{"0":0,"1":0,"2":0,"3":0,"4":0},"b":{"0":[0,0],"1":[0,0],"2":[0,0],"3":[0,0],"4":[0,0]},"_coverageSchema":"1a1c01bbd47fc00a2c39e90264f33305004495a9","hash":"85401c99a72c7e4b6c7c3c1f97643ef15ff5032f"}
,"D:\\GitHub\\legal-affairs-electron\\src\\controllers\\LeaveAllocationControllers.js": {"path":"D:\\GitHub\\legal-affairs-electron\\src\\controllers\\LeaveAllocationControllers.js","statementMap":{"0":{"start":{"line":1,"column":29},"end":{"line":1,"column":57}},"1":{"start":{"line":2,"column":31},"end":{"line":2,"column":77}},"2":{"start":{"line":3,"column":21},"end":{"line":3,"column":50}},"3":{"start":{"line":4,"column":28},"end":{"line":4,"column":64}},"4":{"start":{"line":5,"column":26},"end":{"line":5,"column":60}},"5":{"start":{"line":10,"column":8},"end":{"line":17,"column":9}},"6":{"start":{"line":11,"column":27},"end":{"line":11,"column":36}},"7":{"start":{"line":12,"column":37},"end":{"line":12,"column":96}},"8":{"start":{"line":13,"column":12},"end":{"line":13,"column":51}},"9":{"start":{"line":15,"column":12},"end":{"line":15,"column":31}},"10":{"start":{"line":16,"column":12},"end":{"line":16,"column":66}},"11":{"start":{"line":21,"column":19},"end":{"line":21,"column":40}},"12":{"start":{"line":22,"column":8},"end":{"line":31,"column":9}},"13":{"start":{"line":23,"column":36},"end":{"line":23,"column":91}},"14":{"start":{"line":24,"column":12},"end":{"line":26,"column":13}},"15":{"start":{"line":25,"column":16},"end":{"line":25,"column":91}},"16":{"start":{"line":27,"column":12},"end":{"line":27,"column":50}},"17":{"start":{"line":29,"column":12},"end":{"line":29,"column":31}},"18":{"start":{"line":30,"column":12},"end":{"line":30,"column":66}},"19":{"start":{"line":35,"column":8},"end":{"line":46,"column":9}},"20":{"start":{"line":36,"column":27},"end":{"line":36,"column":48}},"21":{"start":{"line":37,"column":12},"end":{"line":39,"column":13}},"22":{"start":{"line":38,"column":16},"end":{"line":38,"column":86}},"23":{"start":{"line":40,"column":40},"end":{"line":40,"column":48}},"24":{"start":{"line":41,"column":36},"end":{"line":41,"column":107}},"25":{"start":{"line":42,"column":12},"end":{"line":42,"column":50}},"26":{"start":{"line":44,"column":12},"end":{"line":44,"column":31}},"27":{"start":{"line":45,"column":12},"end":{"line":45,"column":66}},"28":{"start":{"line":50,"column":19},"end":{"line":50,"column":40}},"29":{"start":{"line":51,"column":8},"end":{"line":65,"column":9}},"30":{"start":{"line":52,"column":27},"end":{"line":52,"column":48}},"31":{"start":{"line":53,"column":12},"end":{"line":55,"column":13}},"32":{"start":{"line":54,"column":16},"end":{"line":54,"column":86}},"33":{"start":{"line":56,"column":40},"end":{"line":56,"column":48}},"34":{"start":{"line":57,"column":36},"end":{"line":57,"column":111}},"35":{"start":{"line":58,"column":12},"end":{"line":60,"column":13}},"36":{"start":{"line":59,"column":16},"end":{"line":59,"column":91}},"37":{"start":{"line":61,"column":12},"end":{"line":61,"column":50}},"38":{"start":{"line":63,"column":12},"end":{"line":63,"column":31}},"39":{"start":{"line":64,"column":12},"end":{"line":64,"column":66}},"40":{"start":{"line":69,"column":19},"end":{"line":69,"column":40}},"41":{"start":{"line":70,"column":8},"end":{"line":79,"column":9}},"42":{"start":{"line":71,"column":36},"end":{"line":71,"column":90}},"43":{"start":{"line":72,"column":12},"end":{"line":74,"column":13}},"44":{"start":{"line":73,"column":16},"end":{"line":73,"column":91}},"45":{"start":{"line":75,"column":12},"end":{"line":75,"column":50}},"46":{"start":{"line":77,"column":12},"end":{"line":77,"column":31}},"47":{"start":{"line":78,"column":12},"end":{"line":78,"column":66}},"48":{"start":{"line":83,"column":0},"end":{"line":83,"column":49}}},"fnMap":{"0
[...]
ine":159,"column":25}},"58":{"start":{"line":161,"column":6},"end":{"line":163,"column":7}},"59":{"start":{"line":162,"column":8},"end":{"line":162,"column":20}},"60":{"start":{"line":164,"column":6},"end":{"line":164,"column":65}},"61":{"start":{"line":170,"column":4},"end":{"line":208,"column":5}},"62":{"start":{"line":171,"column":27},"end":{"line":171,"column":74}},"63":{"start":{"line":172,"column":6},"end":{"line":174,"column":7}},"64":{"start":{"line":173,"column":8},"end":{"line":173,"column":65}},"65":{"start":{"line":175,"column":6},"end":{"line":177,"column":7}},"66":{"start":{"line":176,"column":8},"end":{"line":176,"column":53}},"67":{"start":{"line":179,"column":21},"end":{"line":179,"column":23}},"68":{"start":{"line":180,"column":6},"end":{"line":182,"column":7}},"69":{"start":{"line":181,"column":8},"end":{"line":181,"column":57}},"70":{"start":{"line":184,"column":25},"end":{"line":198,"column":8}},"71":{"start":{"line":200,"column":6},"end":{"line":200,"column":24}},"72":{"start":{"line":202,"column":6},"end":{"line":202,"column":25}},"73":{"start":{"line":204,"column":6},"end":{"line":206,"column":7}},"74":{"start":{"line":205,"column":8},"end":{"line":205,"column":20}},"75":{"start":{"line":207,"column":6},"end":{"line":207,"column":61}},"76":{"start":{"line":213,"column":4},"end":{"line":242,"column":5}},"77":{"start":{"line":214,"column":24},"end":{"line":214,"column":32}},"78":{"start":{"line":215,"column":27},"end":{"line":219,"column":8}},"79":{"start":{"line":220,"column":6},"end":{"line":222,"column":7}},"80":{"start":{"line":221,"column":8},"end":{"line":221,"column":71}},"81":{"start":{"line":223,"column":6},"end":{"line":225,"column":7}},"82":{"start":{"line":224,"column":8},"end":{"line":224,"column":53}},"83":{"start":{"line":226,"column":19},"end":{"line":232,"column":8}},"84":{"start":{"line":233,"column":6},"end":{"line":236,"column":8}},"85":{"start":{"line":238,"column":6},"end":{"line":240,"column":7}},"86":{"start":{"line":239,"column":8},"end":{"line":239,"column":20}},"87":{"start":{"line":241,"column":6},"end":{"line":241,"column":61}},"88":{"start":{"line":246,"column":4},"end":{"line":273,"column":5}},"89":{"start":{"line":247,"column":27},"end":{"line":247,"column":74}},"90":{"start":{"line":248,"column":6},"end":{"line":250,"column":7}},"91":{"start":{"line":249,"column":8},"end":{"line":249,"column":65}},"92":{"start":{"line":251,"column":6},"end":{"line":253,"column":7}},"93":{"start":{"line":252,"column":8},"end":{"line":252,"column":53}},"94":{"start":{"line":254,"column":23},"end":{"line":254,"column":51}},"95":{"start":{"line":255,"column":6},"end":{"line":267,"column":9}},"96":{"start":{"line":269,"column":6},"end":{"line":271,"column":7}},"97":{"start":{"line":270,"column":8},"end":{"line":270,"column":20}},"98":{"start":{"line":272,"column":6},"end":{"line":272,"column":61}},"99":{"start":{"line":278,"column":4},"end":{"line":305,"column":5}},"100":{"start":{"line":279,"column":19},"end":{"line":279,"column":66}},"101":{"start":{"line":280,"column":6},"end":{"line":282,"column":7}},"102":{"start":{"line":281,"column":8},"end":{"line":281,"column":65}},"103":{"start":{"line":283,"column":23},"end":{"line":283,"column":36}},"104":{"start":{"line":284,"column":6},"end":{"line":296,"column":9}},"105":{"start":{"line":297,"column":6},"end":{"line":297,"column":22}},"106":{"start":{"line":299,"column":6},"end":{"line":299,"column":25}},"107":{"start":{"line":301,"column":6},"end":{"line":303,"column":7}},"108":{"start":{"line":302,"column":8},"end":{"line":302,"column":20}},"109":{"start":{"line":304,"column":6},"end":{"line":304,"column":61}},"110":{"start":{"line":310,"column":0},"end":{"line":310,"column":35}}},"fnMap":{"0":{"name":"(anonymous_0)","decl":{"start":{"line":10,"column":2},"end":{"line":10,"column":3}},"loc":{"start":{"line":10,"column":32},"end":{"line":83,"column":3}},"line":10},"1":{"name":"(anonymous_1)","decl":{"start":{"line":45,"column":34},"end":{"line":45,"column":35}},"loc":{"start":{"line":45,"column":45},"end":{"line":54,"column":9}},"line":45},"2":{"name":"(anonymous_2)","decl":{"start":{"line":69,"column":32},"end":{"line":69,"column":33}},"loc":{"start":{"line":69,"column":43},"end":{"line":78,"column":7}},"line":69},"3":{"name":"(anonymous_3)","decl":{"start":{"line":86,"column":2},"end":{"line":86,"column":3}},"loc":{"start":{"line":86,"column":24},"end":{"line":109,"column":3}},"line":86},"4":{"name":"(anonymous_4)","decl":{"start":{"line":112,"column":2},"end":{"line":112,"column":3}},"loc":{"start":{"line":112,"column":39},"end":{"line":166,"column":3}},"line":112},"5":{"name":"(anonymous_5)","decl":{"start":{"line":169,"column":2},"end":{"line":169,"column":3}},"loc":{"start":{"line":169,"column":43},"end":{"line":209,"column":3}},"line":169},"6":{"name":"(anonymous_6)","decl":{"start":{"line":212,"column":2},"end":{"line":212,"column":3}},"loc":{"start":{"line":212,"column":25},"end":{"line":243,"column":3}},"line":212},"7":{"name":"(anonymous_7)","decl":{"start":{"line":245,"column":2},"end":{"line":245,"column":3}},"loc":{"start":{"line":245,"column":32},"end":{"line":274,"column":3}},"line":245},"8":{"name":"(anonymous_8)","decl":{"start":{"line":277,"column":2},"end":{"line":277,"column":3}},"loc":{"start":{"line":277,"column":23},"end":{"line":306,"column":3}},"line":277}},"branchMap":{"0":{"loc":{"start":{"line":20,"column":6},"end":{"line":25,"column":7}},"type":"if","locations":[{"start":{"line":20,"column":6},"end":{"line":25,"column":7}},{"start":{"line":23,"column":13},"end":{"line":25,"column":7}}],"line":20},"1":{"loc":{"start":{"line":31,"column":6},"end":{"line":62,"column":7}},"type":"if","locations":[{"start":{"line":31,"column":6},"end":{"line":62,"column":7}},{"start":{},"end":{}}],"line":31},"2":{"loc":{"start":{"line":31,"column":10},"end":{"line":31,"column":26}},"type":"binary-expr","locations":[{"start":{"line":31,"column":10},"end":{"line":31,"column":14}},{"start":{"line":31,"column":18},"end":{"line":31,"column":26}}],"line":31},"3":{"loc":{"start":{"line":99,"column":6},"end":{"line":101,"column":7}},"type":"if","locations":[{"start":{"line":99,"column":6},"end":{"line":101,"column":7}},{"start":{},"end":{}}],"line":99},"4":{"loc":{"start":{"line":104,"column":6},"end":{"line":106,"column":7}},"type":"if","locations":[{"start":{"line":104,"column":6},"end":{"line":106,"column":7}},{"start":{},"end":{}}],"line":104},"5":{"loc":{"start":{"line":121,"column":8},"end":{"line":123,"column":9}},"type":"if","locations":[{"start":{"line":121,"column":8},"end":{"line":123,"column":9}},{"start":{},"end":{}}],"line":121},"6":{"loc":{"start":{"line":128,"column":8},"end":{"line":130,"column":9}},"type":"if","locations":[{"start":{"line":128,"column":8},"end":{"line":130,"column":9}},{"start":{},"end":{}}],"line":128},"7":{"loc":{"start":{"line":161,"column":6},"end":{"line":163,"column":7}},"type":"if","locations":[{"start":{"line":161,"column":6},"end":{"line":163,"column":7}},{"start":{},"end":{}}],"line":161},"8":{"loc":{"start":{"line":172,"column":6},"end":{"line":174,"column":7}},"type":"if","locations":[{"start":{"line":172,"column":6},"end":{"line":174,"column":7}},{"start":{},"end":{}}],"line":172},"9":{"loc":{"start":{"line":175,"column":6},"end":{"line":177,"column":7}},"type":"if","locations":[{"start":{"line":175,"column":6},"end":{"line":177,"column":7}},{"start":{},"end":{}}],"line":175},"10":{"loc":{"start":{"line":180,"column":6},"end":{"line":182,"column":7}},"type":"if","locations":[{"start":{"line":180,"column":6},"end":{"line":182,"column":7}},{"start":{},"end":{}}],"line":180},"11":{"loc":{"start":{"line":188,"column":12},"end":{"line":188,"column":70}},"type":"cond-expr","locations":[{"start":{"line":188,"column":34},"end":{"line":188,"column":42}},{"start":{"line":188,"column":45},"end":{"line":188,"column":70}}],"line":188},"12":{"loc":{"start":{"line":189,"column":22},"end":{"line":189,"column":74}},"type":"cond-expr","locations":[{"start":{"line":189,"column":42},"end":{"line":189,"column":50}},{"start":{"line":189,"column":53},"end":{"line":189,"column":74}}],"line":189},"13":{"loc":{"start":{"line":204,"column":6},"end":{"line":206,"column":7}},"type":"if","locations":[{"start":{"line":204,"column":6},"end":{"line":206,"column":7}},{"start":{},"end":{}}],"line":204},"14":{"loc":{"start":{"line":220,"column":6},"end":{"line":222,"column":7}},"type":"if","locations":[{"start":{"line":220,"column":6},"end":{"line":222,"column":7}},{"start":{},"end":{}}],"line":220},"15":{"loc":{"start":{"line":223,"column":6},"end":{"line":225,"column":7}},"type":"if","locations":[{"start":{"line":223,"column":6},"end":{"line":225,"column":7}},{"start":{},"end":{}}],"line":223},"16":{"loc":{"start":{"line":238,"column":6},"end":{"line":240,"column":7}},"type":"if","locations":[{"start":{"line":238,"column":6},"end":{"line":240,"column":7}},{"start":{},"end":{}}],"line":238},"17":{"loc":{"start":{"line":248,"column":6},"end":{"line":250,"column":7}},"type":"if","locations":[{"start":{"line":248,"column":6},"end":{"line":250,"column":7}},{"start":{},"end":{}}],"line":248},"18":{"loc":{"start":{"line":251,"column":6},"end":{"line":253,"column":7}},"type":"if","locations":[{"start":{"line":251,"column":6},"end":{"line":253,"column":7}},{"start":{},"end":{}}],"line":251},"19":{"loc":{"start":{"line":269,"column":6},"end":{"line":271,"column":7}},"type":"if","locations":[{"start":{"line":269,"column":6},"end":{"line":271,"column":7}},{"start":{},"end":{}}],"line":269},"20":{"loc":{"start":{"line":280,"column":6},"end":{"line":282,"column":7}},"type":"if","locations":[{"start":{"line":280,"column":6},"end":{"line":282,"column":7}},{"start":{},"end":{}}],"line":280},"21":{"loc":{"start":{"line":301,"column":6},"end":{"line":303,"column":7}},"type":"if","locations":[{"start":{"line":301,"column":6},"end":{"line":303,"column":7}},{"start":{},"end":{}}],"line":301}},"s":{"0":1,"1":1,"2":1,"3":1,"4":1,"5":1,"6":0,"7":0,"8":0,"9":0,"10":0,"11":0,"12":0,"13":0,"14":0,"15":0,"16":0,"17":0,"18":0,"19":0,"20":0,"21":0,"22":0,"23":0,"24":0,"25":0,"26":0,"27":0,"28":0,"29":0,"30":0,"31":0,"32":0,"33":0,"34":0,"35":0,"36":0,"37":0,"38":0,"39":0,"40":0,"41":0,"42":0,"43":0,"44":0,"45":0,"46":0,"47":0,"48":0,"49":0,"50":0,"51":0,"52":0,"53":0,"54":0,"55":0,"56":0,"57":0,"58":0,"59":0,"60":0,"61":0,"62":0,"63":0,"64":0,"65":0,"66":0,"67":0,"68":0,"69":0,"70":0,"71":0,"72":0,"73":0,"74":0,"75":0,"76":0,"77":0,"78":0,"79":0,"80":0,"81":0,"82":0,"83":0,"84":0,"85":0,"86":0,"87":0,"88":0,"89":0,"90":0,"91":0,"92":0,"93":0,"94":0,"95":0,"96":0,"97":0,"98":0,"99":0,"100":0,"101":0,"102":0,"103":0,"104":0,"105":0,"106":0,"107":0,"108":0,"109":0,"110":1},"f":{"0":0,"1":0,"2":0,"3":0,"4":0,"5":0,"6":0,"7":0,"8":0},"b":{"0":[0,0],"1":[0,0],"2":[0,0],"3":[0,0],"4":[0,0],"5":[0,0],"6":[0,0],"7":[0,0],"8":[0,0],"9":[0,0],"10":[0,0],"11":[0,0],"12":[0,0],"13":[0,0],"14":[0,0],"15":[0,0],"16":[0,0],"17":[0,0],"18":[0,0],"19":[0,0],"20":[0,0],"21":[0,0]},"_coverageSchema":"1a1c01bbd47fc00a2c39e90264f33305004495a9","hash":"7b2ed0284023378c74615bf992329fcc5a09c298"}
,"D:\\GitHub\\legal-affairs-electron\\src\\utilty\\convertToInt.js": {"path":"D:\\GitHub\\legal-affairs-electron\\src\\utilty\\convertToInt.js","statementMap":{"0":{"start":{"line":11,"column":19},"end":{"line":11,"column":21}},"1":{"start":{"line":14,"column":8},"end":{"line":25,"column":9}},"2":{"start":{"line":15,"column":12},"end":{"line":17,"column":13}},"3":{"start":{"line":16,"column":16},"end":{"line":16,"column":43}},"4":{"start":{"line":18,"column":12},"end":{"line":18,"column":25}},"5":{"start":{"line":19,"column":15},"end":{"line":25,"column":9}},"6":{"start":{"line":20,"column":12},"end":{"line":20,"column":57}},"7":{"start":{"line":20,"column":37},"end":{"line":20,"column":55}},"8":{"start":{"line":21,"column":15},"end":{"line":25,"column":9}},"9":{"start":{"line":22,"column":12},"end":{"line":22,"column":47}},"10":{"start":{"line":24,"column":12},"end":{"line":24,"column":25}},"11":{"start":{"line":28,"column":4},"end":{"line":37,"column":5}},"12":{"start":{"line":29,"column":8},"end":{"line":36,"column":9}},"13":{"start":{"line":30,"column":12},"end":{"line":30,"column":29}},"14":{"start":{"line":31,"column":12},"end":{"line":33,"column":13}},"15":{"start":{"line":32,"column":16},"end":{"line":32,"column":54}},"16":{"start":{"line":35,"column":12},"end":{"line":35,"column":51}},"17":{"start":{"line":39,"column":4},"end":{"line":39,"column":18}},"18":{"start":{"line":43,"column":0},"end":{"line":43,"column":38}}},"fnMap":{"0":{"name":"convertStringNumbers","decl":{"start":{"line":10,"column":9},"end":{"line":10,"column":29}},"loc":{"start":{"line":10,"column":39},"end":{"line":40,"column":1}},"line":10},"1":{"name":"processValue","decl":{"start":{"line":13,"column":13},"end":{"line":13,"column":25}},"loc":{"start":{"line":13,"column":33},"end":{"line":26,"column":5}},"line":13},"2":{"name":"(anonymous_2)","decl":{"start":{"line":20,"column":29},"end":{"line":20,"column":30}},"loc":{"start":{"line":20,"column":37},"end":{"line":20,"column":55}},"line":20}},"branchMap":{"0":{"loc":{"start":{"line":14,"column":8},"end":{"line":25,"column":9}},"type":"if","locations":[{"start":{"line":14,"column":8},"end":{"line":25,"column":9}},{"start":{"line":19,"column":15},"end":{"line":25,"column":9}}],"line":14},"1":{"loc":{"start":{"line":15,"column":12},"end":{"line":17,"column":13}},"type":"if","locations":[{"start":{"line":15,"column":12},"end":{"line":17,"column":13}},{"start":{},"end":{}}],"line":15},"2":{"loc":{"start":{"line":19,"column":15},"end":{"line":25,"column":9}},"type":"if","locations":[{"start":{"line":19,"column":15},"end":{"line":25,"column":9}},{"start":{"line":21,"column":15},"end":{"line":25,"column":9}}],"line":19},"3":{"loc":{"start":{"line":21,"column":15},"end":{"line":25,"column":9}},"type":"if","locations":[{"start":{"line":21,"column":15},"end":{"line":25,"column":9}},{"start":{"line":23,"column":15},"end":{"line":25,"column":9}}],"line":21},"4":{"loc":{"start":{"line":21,"column":19},"end":{"line":21,"column":62}},"type":"binary-expr","locations":[{"start":{"line":21,"column":19},"end":{"line":21,"column":44}},{"start":{"line":21,"column":48},"end":{"line":21,"column":62}}],"line":21},"5":{"loc":{"start":{"line":29,"column":8},"end":{"line":36,"column":9}},"type":"if","locations":[{"start":{"line":29,"column":8},"end":{"line":36,"column":9}},{"start":{"line":34,"column":15},"end":{"line":36,"column":9}}],"line":29},"6":{"loc":{"start":{"line":29,"column":12},"end":{"line":29,"column":65}},"type":"binary-expr","locations":[{"start":{"line":29,"column":12},"end":{"line":29,"column":42}},{"start":{"line":29,"column":46},"end":{"line":29,"column":65}}],"line":29}},"s":{"0":0,"1":0,"2":0,"3":0,"4":0,"5":0,"6":0,"7":0,"8":0,"9":0,"10":0,"11":0,"12":0,"13":0,"14":0,"15":0,"16":0,"17":0,"18":1},"f":{"0":0,"1":0,"2":0},"b":{"0":[0,0],"1":[0,0],"2":[0,0],"3":[0,0],"4":[0,0],"5":[0,0],"6":[0,0]},"_coverageSchema":"1a1c01bbd47fc00a2c39e90264f33305004495a9","hash":"358508316be5de675b9d7af2482fcf6aebd08922"}
,"D:\\GitHub\\legal-affairs-electron\\src\\utilty\\convertTopLevelStringBooleans.js": {"path":"D:\\GitHub\\legal-affairs-electron\\src\\utilty\\convertTopLevelStringBooleans.js","statementMap":{"0":{"start":{"line":18,"column":19},"end":{"line":18,"column":21}},"1":{"start":{"line":19,"column":4},"end":{"line":53,"column":5}},"2":{"start":{"line":20,"column":8},"end":{"line":52,"column":9}},"3":{"start":{"line":22,"column":12},"end":{"line":29,"column":13}},"4":{"start":{"line":23,"column":16},"end":{"line":23,"column":35}},"5":{"start":{"line":24,"column":19},"end":{"line":29,"column":13}},"6":{"start":{"line":25,"column":16},"end":{"line":25,"column":36}},"7":{"start":{"line":28,"column":16},"end":{"line":28,"column":36}},"8":{"start":{"line":30,"column":15},"end":{"line":52,"column":9}},"9":{"start":{"line":31,"column":12},"end":{"line":49,"column":13}},"10":{"start":{"line":32,"column":36},"end":{"line":32,"column":51}},"11":{"start":{"line":33,"column":35},"end":{"line":33,"column":57}},"12":{"start":{"line":34,"column":31},"end":{"line":34,"column":33}},"13":{"start":{"line":35,"column":16},"end":{"line":37,"column":17}},"14":{"start":{"line":36,"column":20},"end":{"line":36,"column":40}},"15":{"start":{"line":38,"column":16},"end":{"line":38,"column":49}},"16":{"start":{"line":39,"column":19},"end":{"line":49,"column":13}},"17":{"start":{"line":40,"column":37},"end":{"line":40,"column":53}},"18":{"start":{"line":41,"column":35},"end":{"line":41,"column":58}},"19":{"start":{"line":42,"column":32},"end":{"line":42,"column":34}},"20":{"start":{"line":43,"column":16},"end":{"line":45,"column":17}},"21":{"start":{"line":44,"column":20},"end":{"line":44,"column":41}},"22":{"start":{"line":46,"column":16},"end":{"line":46,"column":51}},"23":{"start":{"line":48,"column":16},"end":{"line":48,"column":36}},"24":{"start":{"line":51,"column":12},"end":{"line":51,"column":32}},"25":{"start":{"line":54,"column":4},"end":{"line":54,"column":18}},"26":{"start":{"line":58,"column":0},"end":{"line":58,"column":47}}},"fnMap":{"0":{"name":"convertTopLevelStringBooleans","decl":{"start":{"line":17,"column":9},"end":{"line":17,"column":38}},"loc":{"start":{"line":17,"column":48},"end":{"line":55,"column":1}},"line":17}},"branchMap":{"0":{"loc":{"start":{"line":20,"column":8},"end":{"line":52,"column":9}},"type":"if","locations":[{"start":{"line":20,"column":8},"end":{"line":52,"column":9}},{"start":{"line":30,"column":15},"end":{"line":52,"column":9}}],"line":20},"1":{"loc":{"start":{"line":22,"column":12},"end":{"line":29,"column":13}},"type":"if","locations":[{"start":{"line":22,"column":12},"end":{"line":29,"column":13}},{"start":{"line":24,"column":19},"end":{"line":29,"column":13}}],"line":22},"2":{"loc":{"start":{"line":24,"column":19},"end":{"line":29,"column":13}},"type":"if","locations":[{"start":{"line":24,"column":19},"end":{"line":29,"column":13}},{"start":{"line":26,"column":19},"end":{"line":29,"column":13}}],"line":24},"3":{"loc":{"start":{"line":30,"column":15},"end":{"line":52,"column":9}},"type":"if","locations":[{"start":{"line":30,"column":15},"end":{"line":52,"column":9}},{"start":{"line":50,"column":15},"end":{"line":52,"column":9}}],"line":30},"4":{"loc":{"start":{"line":30,"column":19},"end":{"line":30,"column":62}},"type":"binary-expr","locations":[{"start":{"line":30,"column":19},"end":{"line":30,"column":44}},{"start":{"line":30,"column":48},"end":{"line":30,"column":62}}],"line":30},"5":{"loc":{"start":{"line":31,"column":12},"end":{"line":49,"column":13}},"type":"if","locations":[{"start":{"line":31,"column":12},"end":{"line":49,"column":13}},{"start":{"line":39,"column":19},"end":{"line":49,"column":13}}],"line":31},"6":{"loc":{"start":{"line":39,"column":19},"end":{"line":49,"column":13}},"type":"if","locations":[{"start":{"line":39,"column":19},"end":{"line":49,"column":13}},{"start":{"line":47,"column":19},"end":{"line":49,"column":13}}],"line":39}},"s":{"0":0,"1":0,"2":0,"3":0,"4":0,"5":0,"6":0,"7":0,"8":0,"9":0,"10":0,"11":0,"12":0,"13":0,"14":0,"15":0,"16":0,"17":0,"18":0,"19":0,"20":0,"21":0,"22":0,"23":0,"24":0,"25":0,"26":1},"f":{"0":0},"b":{"0":[0,0],"1":[0,0],"2":[0,0],"3":[0,0],"4":[0,0],"5":[0,0],"6":[0,0]},"_coverageSchema":"1a1c01bbd47fc00a2c39e90264f33305004495a9","hash":"d8359aef291e791c4f87987d3f28fc941c7dfbe0"}
,"D:\\GitHub\\legal-affairs-electron\\src\\utilty\\prisma.js": {"path":"D:\\GitHub\\legal-affairs-electron\\src\\utilty\\prisma.js","statementMap":{"0":{"start":{"line":1,"column":25},"end":{"line":1,"column":50}},"1":{"start":{"line":3,"column":15},"end":{"line":3,"column":33}},"2":{"start":{"line":5,"column":0},"end":{"line":5,"column":28}}},"fnMap":{},"branchMap":{},"s":{"0":1,"1":1,"2":1},"f":{},"b":{},"_coverageSchema":"1a1c01bbd47fc00a2c39e90264f33305004495a9","hash":"1fe3cedaff3caddedec9be0a7c7d3588c4d95bb9"}
}
